{"/home/travis/build/npmtest/node-npmtest-speakingurl/test.js":{"path":"/home/travis/build/npmtest/node-npmtest-speakingurl/test.js","s":{"1":2,"2":2,"3":2,"4":2,"5":2,"6":2,"7":2,"8":1,"9":2,"10":2,"11":1,"12":1,"13":1,"14":1,"15":2,"16":2,"17":2,"18":2,"19":1,"20":1,"21":2,"22":2,"23":2,"24":1,"25":1,"26":1,"27":1,"28":1,"29":1,"30":1,"31":1,"32":1,"33":1,"34":1,"35":1,"36":1,"37":1,"38":1,"39":2,"40":2,"41":1,"42":2,"43":2,"44":1,"45":2,"46":2,"47":1,"48":2,"49":2,"50":1,"51":1,"52":1,"53":1,"54":1},"b":{"1":[2,1,1,1],"2":[1,1,1,1],"3":[1,1],"4":[1,1],"5":[1,1],"6":[1,1],"7":[1,1],"8":[1,1],"9":[1,1],"10":[1,1,1],"11":[1,1],"12":[1,1],"13":[1,1],"14":[1,1],"15":[1,1],"16":[1,1],"17":[1,1]},"f":{"1":2,"2":2,"3":2,"4":2,"5":2,"6":1,"7":1,"8":1,"9":2,"10":2,"11":2,"12":2,"13":1},"fnMap":{"1":{"name":"(anonymous_1)","line":12,"loc":{"start":{"line":12,"column":1},"end":{"line":12,"column":13}}},"2":{"name":"(anonymous_2)","line":19,"loc":{"start":{"line":19,"column":5},"end":{"line":19,"column":17}}},"3":{"name":"(anonymous_3)","line":23,"loc":{"start":{"line":23,"column":24},"end":{"line":23,"column":36}}},"4":{"name":"(anonymous_4)","line":61,"loc":{"start":{"line":61,"column":5},"end":{"line":61,"column":17}}},"5":{"name":"(anonymous_5)","line":82,"loc":{"start":{"line":82,"column":5},"end":{"line":82,"column":17}}},"6":{"name":"(anonymous_6)","line":91,"loc":{"start":{"line":91,"column":77},"end":{"line":94,"column":10}}},"7":{"name":"(anonymous_7)","line":112,"loc":{"start":{"line":112,"column":83},"end":{"line":115,"column":10}},"skip":true},"8":{"name":"(anonymous_8)","line":123,"loc":{"start":{"line":123,"column":77},"end":{"line":126,"column":10}},"skip":true},"9":{"name":"(anonymous_9)","line":139,"loc":{"start":{"line":139,"column":12},"end":{"line":139,"column":40}},"skip":true},"10":{"name":"(anonymous_10)","line":147,"loc":{"start":{"line":147,"column":77},"end":{"line":150,"column":10}},"skip":true},"11":{"name":"(anonymous_11)","line":158,"loc":{"start":{"line":158,"column":83},"end":{"line":161,"column":10}},"skip":true},"12":{"name":"(anonymous_12)","line":169,"loc":{"start":{"line":169,"column":79},"end":{"line":172,"column":10}},"skip":true},"13":{"name":"(anonymous_13)","line":180,"loc":{"start":{"line":180,"column":75},"end":{"line":183,"column":10}},"skip":true}},"statementMap":{"1":{"start":{"line":12,"column":0},"end":{"line":195,"column":5}},"2":{"start":{"line":14,"column":4},"end":{"line":14,"column":14}},"3":{"start":{"line":19,"column":4},"end":{"line":56,"column":9}},"4":{"start":{"line":21,"column":8},"end":{"line":21,"column":19}},"5":{"start":{"line":23,"column":8},"end":{"line":35,"column":13}},"6":{"start":{"line":24,"column":12},"end":{"line":34,"column":13}},"7":{"start":{"line":25,"column":16},"end":{"line":28,"column":30}},"8":{"start":{"line":30,"column":16},"end":{"line":33,"column":27}},"9":{"start":{"line":37,"column":8},"end":{"line":39,"column":21}},"10":{"start":{"line":40,"column":8},"end":{"line":53,"column":9}},"11":{"start":{"line":43,"column":12},"end":{"line":46,"column":14}},"12":{"start":{"line":47,"column":12},"end":{"line":47,"column":18}},"13":{"start":{"line":50,"column":12},"end":{"line":51,"column":33}},"14":{"start":{"line":52,"column":12},"end":{"line":52,"column":18}},"15":{"start":{"line":55,"column":8},"end":{"line":55,"column":35}},"16":{"start":{"line":61,"column":4},"end":{"line":63,"column":9}},"17":{"start":{"line":62,"column":8},"end":{"line":62,"column":15}},"18":{"start":{"line":64,"column":4},"end":{"line":77,"column":5}},"19":{"start":{"line":70,"column":8},"end":{"line":70,"column":14}},"20":{"start":{"line":76,"column":8},"end":{"line":76,"column":14}},"21":{"start":{"line":82,"column":4},"end":{"line":84,"column":9}},"22":{"start":{"line":83,"column":8},"end":{"line":83,"column":15}},"23":{"start":{"line":85,"column":4},"end":{"line":194,"column":5}},"24":{"start":{"line":91,"column":8},"end":{"line":99,"column":10}},"25":{"start":{"line":98,"column":12},"end":{"line":98,"column":35}},"26":{"start":{"line":102,"column":8},"end":{"line":104,"column":63}},"27":{"start":{"line":105,"column":8},"end":{"line":105,"column":14}},"28":{"start":{"line":112,"column":8},"end":{"line":121,"column":10},"skip":true},"29":{"start":{"line":119,"column":12},"end":{"line":119,"column":55},"skip":true},"30":{"start":{"line":120,"column":12},"end":{"line":120,"column":48},"skip":true},"31":{"start":{"line":123,"column":8},"end":{"line":136,"column":10},"skip":true},"32":{"start":{"line":130,"column":12},"end":{"line":130,"column":76},"skip":true},"33":{"start":{"line":131,"column":12},"end":{"line":131,"column":73},"skip":true},"34":{"start":{"line":132,"column":12},"end":{"line":132,"column":74},"skip":true},"35":{"start":{"line":133,"column":12},"end":{"line":133,"column":79},"skip":true},"36":{"start":{"line":134,"column":12},"end":{"line":134,"column":25},"skip":true},"37":{"start":{"line":135,"column":12},"end":{"line":135,"column":45},"skip":true},"38":{"start":{"line":138,"column":8},"end":{"line":145,"column":14},"skip":true},"39":{"start":{"line":143,"column":16},"end":{"line":143,"column":29},"skip":true},"40":{"start":{"line":144,"column":16},"end":{"line":144,"column":55},"skip":true},"41":{"start":{"line":147,"column":8},"end":{"line":156,"column":10},"skip":true},"42":{"start":{"line":154,"column":12},"end":{"line":154,"column":25},"skip":true},"43":{"start":{"line":155,"column":12},"end":{"line":155,"column":45},"skip":true},"44":{"start":{"line":158,"column":8},"end":{"line":167,"column":10},"skip":true},"45":{"start":{"line":165,"column":12},"end":{"line":165,"column":25},"skip":true},"46":{"start":{"line":166,"column":12},"end":{"line":166,"column":48},"skip":true},"47":{"start":{"line":169,"column":8},"end":{"line":178,"column":10},"skip":true},"48":{"start":{"line":176,"column":12},"end":{"line":176,"column":25},"skip":true},"49":{"start":{"line":177,"column":12},"end":{"line":177,"column":46},"skip":true},"50":{"start":{"line":180,"column":8},"end":{"line":189,"column":10},"skip":true},"51":{"start":{"line":187,"column":12},"end":{"line":187,"column":94},"skip":true},"52":{"start":{"line":188,"column":12},"end":{"line":188,"column":48},"skip":true},"53":{"start":{"line":192,"column":8},"end":{"line":192,"column":35},"skip":true},"54":{"start":{"line":193,"column":8},"end":{"line":193,"column":14},"skip":true}},"branchMap":{"1":{"line":25,"type":"binary-expr","locations":[{"start":{"line":25,"column":23},"end":{"line":25,"column":62}},{"start":{"line":26,"column":20},"end":{"line":26,"column":70}},{"start":{"line":27,"column":20},"end":{"line":27,"column":71}},{"start":{"line":28,"column":20},"end":{"line":28,"column":29}}]},"2":{"line":30,"type":"binary-expr","locations":[{"start":{"line":30,"column":23},"end":{"line":30,"column":37}},{"start":{"line":31,"column":20},"end":{"line":31,"column":61}},{"start":{"line":32,"column":20},"end":{"line":32,"column":70}},{"start":{"line":33,"column":20},"end":{"line":33,"column":26}}]},"3":{"line":37,"type":"cond-expr","locations":[{"start":{"line":38,"column":14},"end":{"line":38,"column":20}},{"start":{"line":39,"column":14},"end":{"line":39,"column":20}}]},"4":{"line":40,"type":"switch","locations":[{"start":{"line":42,"column":8},"end":{"line":47,"column":18}},{"start":{"line":49,"column":8},"end":{"line":52,"column":18}}]},"5":{"line":44,"type":"binary-expr","locations":[{"start":{"line":44,"column":16},"end":{"line":44,"column":44}},{"start":{"line":44,"column":48},"end":{"line":44,"column":66}}]},"6":{"line":50,"type":"binary-expr","locations":[{"start":{"line":50,"column":21},"end":{"line":50,"column":49}},{"start":{"line":50,"column":53},"end":{"line":50,"column":72}}]},"7":{"line":64,"type":"switch","locations":[{"start":{"line":69,"column":4},"end":{"line":70,"column":14}},{"start":{"line":75,"column":4},"end":{"line":76,"column":14}}]},"8":{"line":85,"type":"switch","locations":[{"start":{"line":90,"column":4},"end":{"line":105,"column":14}},{"start":{"line":111,"column":4},"end":{"line":193,"column":14},"skip":true}]},"9":{"line":91,"type":"binary-expr","locations":[{"start":{"line":91,"column":42},"end":{"line":91,"column":73}},{"start":{"line":91,"column":77},"end":{"line":99,"column":9}}]},"10":{"line":102,"type":"binary-expr","locations":[{"start":{"line":102,"column":18},"end":{"line":102,"column":32}},{"start":{"line":103,"column":12},"end":{"line":103,"column":53}},{"start":{"line":104,"column":12},"end":{"line":104,"column":61}}]},"11":{"line":112,"type":"binary-expr","locations":[{"start":{"line":112,"column":45},"end":{"line":112,"column":79},"skip":true},{"start":{"line":112,"column":83},"end":{"line":121,"column":9},"skip":true}]},"12":{"line":123,"type":"binary-expr","locations":[{"start":{"line":123,"column":42},"end":{"line":123,"column":73},"skip":true},{"start":{"line":123,"column":77},"end":{"line":136,"column":9},"skip":true}]},"13":{"line":138,"type":"binary-expr","locations":[{"start":{"line":138,"column":48},"end":{"line":138,"column":85},"skip":true},{"start":{"line":139,"column":12},"end":{"line":145,"column":13},"skip":true}]},"14":{"line":147,"type":"binary-expr","locations":[{"start":{"line":147,"column":42},"end":{"line":147,"column":73},"skip":true},{"start":{"line":147,"column":77},"end":{"line":156,"column":9},"skip":true}]},"15":{"line":158,"type":"binary-expr","locations":[{"start":{"line":158,"column":45},"end":{"line":158,"column":79},"skip":true},{"start":{"line":158,"column":83},"end":{"line":167,"column":9},"skip":true}]},"16":{"line":169,"type":"binary-expr","locations":[{"start":{"line":169,"column":43},"end":{"line":169,"column":75},"skip":true},{"start":{"line":169,"column":79},"end":{"line":178,"column":9},"skip":true}]},"17":{"line":180,"type":"binary-expr","locations":[{"start":{"line":180,"column":41},"end":{"line":180,"column":71},"skip":true},{"start":{"line":180,"column":75},"end":{"line":189,"column":9},"skip":true}]}},"code":["/* istanbul instrument in package npmtest_speakingurl */","/*jslint","    bitwise: true,","    browser: true,","    maxerr: 8,","    maxlen: 96,","    node: true,","    nomen: true,","    regexp: true,","    stupid: true","*/","(function () {","    'use strict';","    var local;","","","","    // run shared js-env code - init-before","    (function () {","        // init local","        local = {};","        // init modeJs","        local.modeJs = (function () {","            try {","                return typeof navigator.userAgent === 'string' &&","                    typeof document.querySelector('body') === 'object' &&","                    typeof XMLHttpRequest.prototype.open === 'function' &&","                    'browser';","            } catch (errorCaughtBrowser) {","                return module.exports &&","                    typeof process.versions.node === 'string' &&","                    typeof require('http').createServer === 'function' &&","                    'node';","            }","        }());","        // init global","        local.global = local.modeJs === 'browser'","            ? window","            : global;","        switch (local.modeJs) {","        // re-init local from window.local","        case 'browser':","            local = local.global.utility2.objectSetDefault(","                local.global.utility2_rollup || local.global.local,","                local.global.utility2","            );","            break;","        // re-init local from example.js","        case 'node':","            local = (local.global.utility2_rollup || require('utility2'))","                .requireReadme();","            break;","        }","        // export local","        local.global.local = local;","    }());","","","","    // run shared js-env code - function","    (function () {","        return;","    }());","    switch (local.modeJs) {","","","","    // run browser js-env code - function","    case 'browser':","        break;","","","","    // run node js-env code - function","    case 'node':","        break;","    }","","","","    // run shared js-env code - init-after","    (function () {","        return;","    }());","    switch (local.modeJs) {","","","","    // run browser js-env code - init-after","    case 'browser':","        local.testCase_browser_nullCase = local.testCase_browser_nullCase || function (","            options,","            onError","        ) {","        /*","         * this function will test browsers's null-case handling-behavior-behavior","         */","            onError(null, options);","        };","","        // run tests","        local.nop(local.modeTest &&","            document.querySelector('#testRunButton1') &&","            document.querySelector('#testRunButton1').click());","        break;","","","","    // run node js-env code - init-after","    /* istanbul ignore next */","    case 'node':","        local.testCase_buildApidoc_default = local.testCase_buildApidoc_default || function (","            options,","            onError","        ) {","        /*","         * this function will test buildApidoc's default handling-behavior-behavior","         */","            options = { modulePathList: module.paths };","            local.buildApidoc(options, onError);","        };","","        local.testCase_buildApp_default = local.testCase_buildApp_default || function (","            options,","            onError","        ) {","        /*","         * this function will test buildApp's default handling-behavior-behavior","         */","            local.testCase_buildReadme_default(options, local.onErrorThrow);","            local.testCase_buildLib_default(options, local.onErrorThrow);","            local.testCase_buildTest_default(options, local.onErrorThrow);","            local.testCase_buildCustomOrg_default(options, local.onErrorThrow);","            options = [];","            local.buildApp(options, onError);","        };","","        local.testCase_buildCustomOrg_default = local.testCase_buildCustomOrg_default ||","            function (options, onError) {","            /*","             * this function will test buildCustomOrg's default handling-behavior","             */","                options = {};","                local.buildCustomOrg(options, onError);","            };","","        local.testCase_buildLib_default = local.testCase_buildLib_default || function (","            options,","            onError","        ) {","        /*","         * this function will test buildLib's default handling-behavior","         */","            options = {};","            local.buildLib(options, onError);","        };","","        local.testCase_buildReadme_default = local.testCase_buildReadme_default || function (","            options,","            onError","        ) {","        /*","         * this function will test buildReadme's default handling-behavior-behavior","         */","            options = {};","            local.buildReadme(options, onError);","        };","","        local.testCase_buildTest_default = local.testCase_buildTest_default || function (","            options,","            onError","        ) {","        /*","         * this function will test buildTest's default handling-behavior","         */","            options = {};","            local.buildTest(options, onError);","        };","","        local.testCase_webpage_default = local.testCase_webpage_default || function (","            options,","            onError","        ) {","        /*","         * this function will test webpage's default handling-behavior","         */","            options = { modeCoverageMerge: true, url: local.serverLocalHost + '?modeTest=1' };","            local.browserTest(options, onError);","        };","","        // run test-server","        local.testRunServer(local);","        break;","    }","}());",""],"l":{"12":2,"14":2,"19":2,"21":2,"23":2,"24":2,"25":2,"30":1,"37":2,"40":2,"43":1,"47":1,"50":1,"52":1,"55":2,"61":2,"62":2,"64":2,"70":1,"76":1,"82":2,"83":2,"85":2,"91":1,"98":1,"102":1,"105":1,"112":1,"119":1,"120":1,"123":1,"130":1,"131":1,"132":1,"133":1,"134":1,"135":1,"138":1,"143":2,"144":2,"147":1,"154":2,"155":2,"158":1,"165":2,"166":2,"169":1,"176":2,"177":2,"180":1,"187":1,"188":1,"192":1,"193":1}},"/home/travis/build/npmtest/node-npmtest-speakingurl/lib.npmtest_speakingurl.js":{"path":"/home/travis/build/npmtest/node-npmtest-speakingurl/lib.npmtest_speakingurl.js","s":{"1":2,"2":2,"3":2,"4":2,"5":2,"6":2,"7":2,"8":1,"9":2,"10":2,"11":2,"12":2,"13":1,"14":1,"15":1,"16":1},"b":{"1":[2,1,1,1],"2":[1,1,1,1],"3":[1,1],"4":[2,2],"5":[1,1]},"f":{"1":2,"2":2,"3":2},"fnMap":{"1":{"name":"(anonymous_1)","line":12,"loc":{"start":{"line":12,"column":1},"end":{"line":12,"column":13}}},"2":{"name":"(anonymous_2)","line":19,"loc":{"start":{"line":19,"column":5},"end":{"line":19,"column":17}}},"3":{"name":"(anonymous_3)","line":23,"loc":{"start":{"line":23,"column":24},"end":{"line":23,"column":36}}}},"statementMap":{"1":{"start":{"line":12,"column":0},"end":{"line":53,"column":5}},"2":{"start":{"line":14,"column":4},"end":{"line":14,"column":14}},"3":{"start":{"line":19,"column":4},"end":{"line":52,"column":9}},"4":{"start":{"line":21,"column":8},"end":{"line":21,"column":19}},"5":{"start":{"line":23,"column":8},"end":{"line":35,"column":13}},"6":{"start":{"line":24,"column":12},"end":{"line":34,"column":13}},"7":{"start":{"line":25,"column":16},"end":{"line":28,"column":30}},"8":{"start":{"line":30,"column":16},"end":{"line":33,"column":27}},"9":{"start":{"line":37,"column":8},"end":{"line":39,"column":21}},"10":{"start":{"line":41,"column":8},"end":{"line":41,"column":54}},"11":{"start":{"line":43,"column":8},"end":{"line":43,"column":56}},"12":{"start":{"line":45,"column":8},"end":{"line":51,"column":9}},"13":{"start":{"line":46,"column":12},"end":{"line":46,"column":62}},"14":{"start":{"line":48,"column":12},"end":{"line":48,"column":35}},"15":{"start":{"line":49,"column":12},"end":{"line":49,"column":49}},"16":{"start":{"line":50,"column":12},"end":{"line":50,"column":43}}},"branchMap":{"1":{"line":25,"type":"binary-expr","locations":[{"start":{"line":25,"column":23},"end":{"line":25,"column":62}},{"start":{"line":26,"column":20},"end":{"line":26,"column":70}},{"start":{"line":27,"column":20},"end":{"line":27,"column":71}},{"start":{"line":28,"column":20},"end":{"line":28,"column":29}}]},"2":{"line":30,"type":"binary-expr","locations":[{"start":{"line":30,"column":23},"end":{"line":30,"column":37}},{"start":{"line":31,"column":20},"end":{"line":31,"column":61}},{"start":{"line":32,"column":20},"end":{"line":32,"column":70}},{"start":{"line":33,"column":20},"end":{"line":33,"column":26}}]},"3":{"line":37,"type":"cond-expr","locations":[{"start":{"line":38,"column":14},"end":{"line":38,"column":20}},{"start":{"line":39,"column":14},"end":{"line":39,"column":20}}]},"4":{"line":41,"type":"binary-expr","locations":[{"start":{"line":41,"column":16},"end":{"line":41,"column":44}},{"start":{"line":41,"column":48},"end":{"line":41,"column":53}}]},"5":{"line":45,"type":"if","locations":[{"start":{"line":45,"column":8},"end":{"line":45,"column":8}},{"start":{"line":45,"column":8},"end":{"line":45,"column":8}}]}},"code":["/* istanbul instrument in package npmtest_speakingurl */","/*jslint","    bitwise: true,","    browser: true,","    maxerr: 8,","    maxlen: 96,","    node: true,","    nomen: true,","    regexp: true,","    stupid: true","*/","(function () {","    'use strict';","    var local;","","","","    // run shared js-env code - init-before","    (function () {","        // init local","        local = {};","        // init modeJs","        local.modeJs = (function () {","            try {","                return typeof navigator.userAgent === 'string' &&","                    typeof document.querySelector('body') === 'object' &&","                    typeof XMLHttpRequest.prototype.open === 'function' &&","                    'browser';","            } catch (errorCaughtBrowser) {","                return module.exports &&","                    typeof process.versions.node === 'string' &&","                    typeof require('http').createServer === 'function' &&","                    'node';","            }","        }());","        // init global","        local.global = local.modeJs === 'browser'","            ? window","            : global;","        // init utility2_rollup","        local = local.global.utility2_rollup || local;","        // init lib","        local.local = local.npmtest_speakingurl = local;","        // init exports","        if (local.modeJs === 'browser') {","            local.global.utility2_npmtest_speakingurl = local;","        } else {","            module.exports = local;","            module.exports.__dirname = __dirname;","            module.exports.module = module;","        }","    }());","}());",""],"l":{"12":2,"14":2,"19":2,"21":2,"23":2,"24":2,"25":2,"30":1,"37":2,"41":2,"43":2,"45":2,"46":1,"48":1,"49":1,"50":1}},"/home/travis/build/npmtest/node-npmtest-speakingurl/example.js":{"path":"/home/travis/build/npmtest/node-npmtest-speakingurl/example.js","s":{"1":2,"2":2,"3":2,"4":2,"5":2,"6":2,"7":2,"8":1,"9":2,"10":2,"11":2,"12":2,"13":1,"14":2,"15":2,"16":2,"17":2,"18":2,"19":0,"20":2,"21":1,"22":1,"23":1,"24":1,"25":1,"26":0,"27":0,"28":1,"29":1,"30":2,"31":0,"32":0,"33":0,"34":1,"35":2,"36":2,"37":3,"38":3,"39":3,"40":3,"41":0,"42":3,"43":3,"44":3,"45":1,"46":3,"47":1,"48":1,"49":1,"50":1,"51":1,"52":1,"53":1,"54":1,"55":1,"56":1,"57":0,"58":1,"59":6,"60":6,"61":1,"62":2,"63":0,"64":2,"65":1,"66":1,"67":0,"68":0,"69":0,"70":0,"71":0,"72":0,"73":0,"74":0,"75":0,"76":0,"77":0,"78":0,"79":0,"80":0,"81":0,"82":0,"83":0},"b":{"1":[2,1,1,1],"2":[1,1,1,1],"3":[1,1],"4":[2,2],"5":[1,1],"6":[1,1],"7":[2,0],"8":[2,1,1,1,1,1],"9":[0,2,0],"10":[1,1],"11":[2,1,1],"12":[1,0],"13":[0,2],"14":[2,0,0,0,0,0,0],"15":[0,3],"16":[3,0],"17":[1,1],"18":[0,1],"19":[1,2,0,2],"20":[1,0],"21":[1,1],"22":[0,0],"23":[0,0],"24":[0,0],"25":[0,0],"26":[0,0],"27":[0,0],"28":[0,0]},"f":{"1":2,"2":2,"3":2,"4":2,"5":2,"6":2,"7":3,"8":3,"9":3,"10":1,"11":6,"12":0},"fnMap":{"1":{"name":"(anonymous_1)","line":26,"loc":{"start":{"line":26,"column":1},"end":{"line":26,"column":13}}},"2":{"name":"(anonymous_2)","line":33,"loc":{"start":{"line":33,"column":5},"end":{"line":33,"column":17}}},"3":{"name":"(anonymous_3)","line":37,"loc":{"start":{"line":37,"column":24},"end":{"line":37,"column":36}}},"4":{"name":"(anonymous_4)","line":69,"loc":{"start":{"line":69,"column":31},"end":{"line":69,"column":48}},"skip":true},"5":{"name":"(anonymous_5)","line":78,"loc":{"start":{"line":78,"column":26},"end":{"line":78,"column":45}},"skip":true},"6":{"name":"(anonymous_6)","line":123,"loc":{"start":{"line":123,"column":33},"end":{"line":123,"column":48}},"skip":true},"7":{"name":"(anonymous_7)","line":125,"loc":{"start":{"line":125,"column":27},"end":{"line":125,"column":39}},"skip":true},"8":{"name":"(anonymous_8)","line":133,"loc":{"start":{"line":133,"column":59},"end":{"line":133,"column":74}},"skip":true},"9":{"name":"(anonymous_9)","line":143,"loc":{"start":{"line":143,"column":45},"end":{"line":143,"column":62}},"skip":true},"10":{"name":"(anonymous_10)","line":144,"loc":{"start":{"line":144,"column":73},"end":{"line":144,"column":92}},"skip":true},"11":{"name":"(anonymous_11)","line":272,"loc":{"start":{"line":272,"column":51},"end":{"line":272,"column":77}},"skip":true},"12":{"name":"(anonymous_12)","line":315,"loc":{"start":{"line":315,"column":32},"end":{"line":315,"column":61}},"skip":true}},"statementMap":{"1":{"start":{"line":26,"column":0},"end":{"line":326,"column":5}},"2":{"start":{"line":28,"column":4},"end":{"line":28,"column":14}},"3":{"start":{"line":33,"column":4},"end":{"line":60,"column":9}},"4":{"start":{"line":35,"column":8},"end":{"line":35,"column":19}},"5":{"start":{"line":37,"column":8},"end":{"line":49,"column":13}},"6":{"start":{"line":38,"column":12},"end":{"line":48,"column":13}},"7":{"start":{"line":39,"column":16},"end":{"line":42,"column":30}},"8":{"start":{"line":44,"column":16},"end":{"line":47,"column":27}},"9":{"start":{"line":51,"column":8},"end":{"line":53,"column":21}},"10":{"start":{"line":55,"column":8},"end":{"line":57,"column":45}},"11":{"start":{"line":59,"column":8},"end":{"line":59,"column":35}},"12":{"start":{"line":61,"column":4},"end":{"line":325,"column":5}},"13":{"start":{"line":69,"column":8},"end":{"line":121,"column":10},"skip":true},"14":{"start":{"line":70,"column":12},"end":{"line":88,"column":13},"skip":true},"15":{"start":{"line":76,"column":16},"end":{"line":87,"column":19},"skip":true},"16":{"start":{"line":79,"column":20},"end":{"line":86,"column":21},"skip":true},"17":{"start":{"line":82,"column":24},"end":{"line":82,"column":43},"skip":true},"18":{"start":{"line":83,"column":24},"end":{"line":83,"column":30},"skip":true},"19":{"start":{"line":85,"column":24},"end":{"line":85,"column":49},"skip":true},"20":{"start":{"line":89,"column":12},"end":{"line":107,"column":13},"skip":true},"21":{"start":{"line":92,"column":16},"end":{"line":102,"column":17},"skip":true},"22":{"start":{"line":93,"column":20},"end":{"line":93,"column":86},"skip":true},"23":{"start":{"line":94,"column":20},"end":{"line":95,"column":45},"skip":true},"24":{"start":{"line":96,"column":20},"end":{"line":96,"column":42},"skip":true},"25":{"start":{"line":97,"column":20},"end":{"line":97,"column":48},"skip":true},"26":{"start":{"line":100,"column":20},"end":{"line":100,"column":85},"skip":true},"27":{"start":{"line":101,"column":20},"end":{"line":101,"column":96},"skip":true},"28":{"start":{"line":103,"column":16},"end":{"line":103,"column":22},"skip":true},"29":{"start":{"line":106,"column":16},"end":{"line":106,"column":22},"skip":true},"30":{"start":{"line":108,"column":12},"end":{"line":120,"column":13},"skip":true},"31":{"start":{"line":114,"column":16},"end":{"line":119,"column":17},"skip":true},"32":{"start":{"line":116,"column":20},"end":{"line":116,"column":78},"skip":true},"33":{"start":{"line":118,"column":20},"end":{"line":118,"column":47},"skip":true},"34":{"start":{"line":123,"column":8},"end":{"line":141,"column":11},"skip":true},"35":{"start":{"line":124,"column":12},"end":{"line":124,"column":54},"skip":true},"36":{"start":{"line":125,"column":12},"end":{"line":140,"column":14},"skip":true},"37":{"start":{"line":126,"column":16},"end":{"line":126,"column":28},"skip":true},"38":{"start":{"line":127,"column":16},"end":{"line":127,"column":69},"skip":true},"39":{"start":{"line":128,"column":16},"end":{"line":128,"column":75},"skip":true},"40":{"start":{"line":129,"column":16},"end":{"line":131,"column":17},"skip":true},"41":{"start":{"line":130,"column":20},"end":{"line":130,"column":27},"skip":true},"42":{"start":{"line":133,"column":16},"end":{"line":137,"column":36},"skip":true},"43":{"start":{"line":134,"column":20},"end":{"line":136,"column":55},"skip":true},"44":{"start":{"line":139,"column":16},"end":{"line":139,"column":57},"skip":true},"45":{"start":{"line":143,"column":8},"end":{"line":147,"column":11},"skip":true},"46":{"start":{"line":144,"column":12},"end":{"line":146,"column":15},"skip":true},"47":{"start":{"line":145,"column":16},"end":{"line":145,"column":70},"skip":true},"48":{"start":{"line":149,"column":8},"end":{"line":149,"column":31},"skip":true},"49":{"start":{"line":150,"column":8},"end":{"line":150,"column":14},"skip":true},"50":{"start":{"line":158,"column":8},"end":{"line":158,"column":31},"skip":true},"51":{"start":{"line":160,"column":8},"end":{"line":160,"column":33},"skip":true},"52":{"start":{"line":161,"column":8},"end":{"line":161,"column":37},"skip":true},"53":{"start":{"line":162,"column":8},"end":{"line":162,"column":35},"skip":true},"54":{"start":{"line":164,"column":8},"end":{"line":164,"column":50},"skip":true},"55":{"start":{"line":166,"column":8},"end":{"line":256,"column":2},"skip":true},"56":{"start":{"line":258,"column":8},"end":{"line":286,"column":9},"skip":true},"57":{"start":{"line":259,"column":12},"end":{"line":269,"column":14},"skip":true},"58":{"start":{"line":271,"column":12},"end":{"line":285,"column":19},"skip":true},"59":{"start":{"line":274,"column":20},"end":{"line":274,"column":35},"skip":true},"60":{"start":{"line":275,"column":20},"end":{"line":284,"column":21},"skip":true},"61":{"start":{"line":277,"column":24},"end":{"line":277,"column":64},"skip":true},"62":{"start":{"line":279,"column":24},"end":{"line":279,"column":40},"skip":true},"63":{"start":{"line":281,"column":24},"end":{"line":281,"column":40},"skip":true},"64":{"start":{"line":283,"column":24},"end":{"line":283,"column":39},"skip":true},"65":{"start":{"line":288,"column":8},"end":{"line":290,"column":9},"skip":true},"66":{"start":{"line":289,"column":12},"end":{"line":289,"column":18},"skip":true},"67":{"start":{"line":291,"column":8},"end":{"line":293,"column":54},"skip":true},"68":{"start":{"line":296,"column":8},"end":{"line":301,"column":37},"skip":true},"69":{"start":{"line":303,"column":8},"end":{"line":303,"column":82},"skip":true},"70":{"start":{"line":306,"column":8},"end":{"line":308,"column":9},"skip":true},"71":{"start":{"line":307,"column":12},"end":{"line":307,"column":82},"skip":true},"72":{"start":{"line":310,"column":8},"end":{"line":312,"column":9},"skip":true},"73":{"start":{"line":311,"column":12},"end":{"line":311,"column":18},"skip":true},"74":{"start":{"line":313,"column":8},"end":{"line":313,"column":54},"skip":true},"75":{"start":{"line":314,"column":8},"end":{"line":314,"column":69},"skip":true},"76":{"start":{"line":315,"column":8},"end":{"line":323,"column":36},"skip":true},"77":{"start":{"line":316,"column":12},"end":{"line":316,"column":61},"skip":true},"78":{"start":{"line":317,"column":12},"end":{"line":320,"column":13},"skip":true},"79":{"start":{"line":318,"column":16},"end":{"line":318,"column":75},"skip":true},"80":{"start":{"line":319,"column":16},"end":{"line":319,"column":23},"skip":true},"81":{"start":{"line":321,"column":12},"end":{"line":321,"column":38},"skip":true},"82":{"start":{"line":322,"column":12},"end":{"line":322,"column":27},"skip":true},"83":{"start":{"line":324,"column":8},"end":{"line":324,"column":14},"skip":true}},"branchMap":{"1":{"line":39,"type":"binary-expr","locations":[{"start":{"line":39,"column":23},"end":{"line":39,"column":62}},{"start":{"line":40,"column":20},"end":{"line":40,"column":70}},{"start":{"line":41,"column":20},"end":{"line":41,"column":71}},{"start":{"line":42,"column":20},"end":{"line":42,"column":29}}]},"2":{"line":44,"type":"binary-expr","locations":[{"start":{"line":44,"column":23},"end":{"line":44,"column":37}},{"start":{"line":45,"column":20},"end":{"line":45,"column":61}},{"start":{"line":46,"column":20},"end":{"line":46,"column":70}},{"start":{"line":47,"column":20},"end":{"line":47,"column":26}}]},"3":{"line":51,"type":"cond-expr","locations":[{"start":{"line":52,"column":14},"end":{"line":52,"column":20}},{"start":{"line":53,"column":14},"end":{"line":53,"column":20}}]},"4":{"line":55,"type":"binary-expr","locations":[{"start":{"line":55,"column":16},"end":{"line":55,"column":44}},{"start":{"line":55,"column":49},"end":{"line":57,"column":43}}]},"5":{"line":55,"type":"cond-expr","locations":[{"start":{"line":56,"column":14},"end":{"line":56,"column":55}},{"start":{"line":57,"column":14},"end":{"line":57,"column":43}}]},"6":{"line":61,"type":"switch","locations":[{"start":{"line":68,"column":4},"end":{"line":150,"column":14},"skip":true},{"start":{"line":156,"column":4},"end":{"line":324,"column":14},"skip":true}]},"7":{"line":70,"type":"if","locations":[{"start":{"line":70,"column":12},"end":{"line":70,"column":12},"skip":true},{"start":{"line":70,"column":12},"end":{"line":70,"column":12},"skip":true}]},"8":{"line":70,"type":"binary-expr","locations":[{"start":{"line":70,"column":16},"end":{"line":70,"column":22},"skip":true},{"start":{"line":70,"column":27},"end":{"line":70,"column":32},"skip":true},{"start":{"line":71,"column":20},"end":{"line":71,"column":39},"skip":true},{"start":{"line":72,"column":20},"end":{"line":72,"column":49},"skip":true},{"start":{"line":73,"column":20},"end":{"line":73,"column":58},"skip":true},{"start":{"line":74,"column":20},"end":{"line":74,"column":69},"skip":true}]},"9":{"line":79,"type":"switch","locations":[{"start":{"line":80,"column":20},"end":{"line":80,"column":33},"skip":true},{"start":{"line":81,"column":20},"end":{"line":83,"column":30},"skip":true},{"start":{"line":84,"column":20},"end":{"line":85,"column":49},"skip":true}]},"10":{"line":89,"type":"switch","locations":[{"start":{"line":90,"column":12},"end":{"line":103,"column":22},"skip":true},{"start":{"line":105,"column":12},"end":{"line":106,"column":22},"skip":true}]},"11":{"line":89,"type":"binary-expr","locations":[{"start":{"line":89,"column":20},"end":{"line":89,"column":25},"skip":true},{"start":{"line":89,"column":29},"end":{"line":89,"column":48},"skip":true},{"start":{"line":89,"column":52},"end":{"line":89,"column":74},"skip":true}]},"12":{"line":92,"type":"if","locations":[{"start":{"line":92,"column":16},"end":{"line":92,"column":16},"skip":true},{"start":{"line":92,"column":16},"end":{"line":92,"column":16},"skip":true}]},"13":{"line":108,"type":"if","locations":[{"start":{"line":108,"column":12},"end":{"line":108,"column":12},"skip":true},{"start":{"line":108,"column":12},"end":{"line":108,"column":12},"skip":true}]},"14":{"line":108,"type":"binary-expr","locations":[{"start":{"line":108,"column":16},"end":{"line":108,"column":61},"skip":true},{"start":{"line":108,"column":66},"end":{"line":108,"column":72},"skip":true},{"start":{"line":108,"column":77},"end":{"line":108,"column":82},"skip":true},{"start":{"line":109,"column":20},"end":{"line":109,"column":39},"skip":true},{"start":{"line":110,"column":20},"end":{"line":110,"column":49},"skip":true},{"start":{"line":111,"column":20},"end":{"line":111,"column":58},"skip":true},{"start":{"line":112,"column":20},"end":{"line":112,"column":68},"skip":true}]},"15":{"line":129,"type":"if","locations":[{"start":{"line":129,"column":16},"end":{"line":129,"column":16},"skip":true},{"start":{"line":129,"column":16},"end":{"line":129,"column":16},"skip":true}]},"16":{"line":134,"type":"cond-expr","locations":[{"start":{"line":135,"column":26},"end":{"line":135,"column":29},"skip":true},{"start":{"line":136,"column":26},"end":{"line":136,"column":54},"skip":true}]},"17":{"line":164,"type":"binary-expr","locations":[{"start":{"line":164,"column":27},"end":{"line":164,"column":43},"skip":true},{"start":{"line":164,"column":47},"end":{"line":164,"column":49},"skip":true}]},"18":{"line":258,"type":"if","locations":[{"start":{"line":258,"column":8},"end":{"line":258,"column":8},"skip":true},{"start":{"line":258,"column":8},"end":{"line":258,"column":8},"skip":true}]},"19":{"line":275,"type":"switch","locations":[{"start":{"line":276,"column":20},"end":{"line":277,"column":64},"skip":true},{"start":{"line":278,"column":20},"end":{"line":279,"column":40},"skip":true},{"start":{"line":280,"column":20},"end":{"line":281,"column":40},"skip":true},{"start":{"line":282,"column":20},"end":{"line":283,"column":39},"skip":true}]},"20":{"line":288,"type":"if","locations":[{"start":{"line":288,"column":8},"end":{"line":288,"column":8},"skip":true},{"start":{"line":288,"column":8},"end":{"line":288,"column":8},"skip":true}]},"21":{"line":288,"type":"binary-expr","locations":[{"start":{"line":288,"column":12},"end":{"line":288,"column":40},"skip":true},{"start":{"line":288,"column":44},"end":{"line":288,"column":67},"skip":true}]},"22":{"line":292,"type":"binary-expr","locations":[{"start":{"line":292,"column":12},"end":{"line":292,"column":50},"skip":true},{"start":{"line":293,"column":12},"end":{"line":293,"column":53},"skip":true}]},"23":{"line":297,"type":"binary-expr","locations":[{"start":{"line":297,"column":12},"end":{"line":297,"column":69},"skip":true},{"start":{"line":298,"column":12},"end":{"line":301,"column":36},"skip":true}]},"24":{"line":303,"type":"binary-expr","locations":[{"start":{"line":303,"column":43},"end":{"line":303,"column":75},"skip":true},{"start":{"line":303,"column":79},"end":{"line":303,"column":81},"skip":true}]},"25":{"line":306,"type":"if","locations":[{"start":{"line":306,"column":8},"end":{"line":306,"column":8},"skip":true},{"start":{"line":306,"column":8},"end":{"line":306,"column":8},"skip":true}]},"26":{"line":310,"type":"if","locations":[{"start":{"line":310,"column":8},"end":{"line":310,"column":8},"skip":true},{"start":{"line":310,"column":8},"end":{"line":310,"column":8},"skip":true}]},"27":{"line":313,"type":"binary-expr","locations":[{"start":{"line":313,"column":27},"end":{"line":313,"column":43},"skip":true},{"start":{"line":313,"column":47},"end":{"line":313,"column":53},"skip":true}]},"28":{"line":317,"type":"if","locations":[{"start":{"line":317,"column":12},"end":{"line":317,"column":12},"skip":true},{"start":{"line":317,"column":12},"end":{"line":317,"column":12},"skip":true}]}},"code":["/*","example.js","","quickstart example","","instruction","    1. save this script as example.js","    2. run the shell command:","        $ npm install npmtest-speakingurl && PORT=8081 node example.js","    3. play with the browser-demo on http://127.0.0.1:8081","*/","","","","/* istanbul instrument in package npmtest_speakingurl */","/*jslint","    bitwise: true,","    browser: true,","    maxerr: 8,","    maxlen: 96,","    node: true,","    nomen: true,","    regexp: true,","    stupid: true","*/","(function () {","    'use strict';","    var local;","","","","    // run shared js-env code - init-before","    (function () {","        // init local","        local = {};","        // init modeJs","        local.modeJs = (function () {","            try {","                return typeof navigator.userAgent === 'string' &&","                    typeof document.querySelector('body') === 'object' &&","                    typeof XMLHttpRequest.prototype.open === 'function' &&","                    'browser';","            } catch (errorCaughtBrowser) {","                return module.exports &&","                    typeof process.versions.node === 'string' &&","                    typeof require('http').createServer === 'function' &&","                    'node';","            }","        }());","        // init global","        local.global = local.modeJs === 'browser'","            ? window","            : global;","        // init utility2_rollup","        local = local.global.utility2_rollup || (local.modeJs === 'browser'","            ? local.global.utility2_npmtest_speakingurl","            : global.utility2_moduleExports);","        // export local","        local.global.local = local;","    }());","    switch (local.modeJs) {","","","","    // init-after","    // run browser js-env code - init-after","    /* istanbul ignore next */","    case 'browser':","        local.testRunBrowser = function (event) {","            if (!event || (event &&","                    event.currentTarget &&","                    event.currentTarget.className &&","                    event.currentTarget.className.includes &&","                    event.currentTarget.className.includes('onreset'))) {","                // reset output","                Array.from(","                    document.querySelectorAll('body > .resettable')","                ).forEach(function (element) {","                    switch (element.tagName) {","                    case 'INPUT':","                    case 'TEXTAREA':","                        element.value = '';","                        break;","                    default:","                        element.textContent = '';","                    }","                });","            }","            switch (event && event.currentTarget && event.currentTarget.id) {","            case 'testRunButton1':","                // show tests","                if (document.querySelector('#testReportDiv1').style.display === 'none') {","                    document.querySelector('#testReportDiv1').style.display = 'block';","                    document.querySelector('#testRunButton1').textContent =","                        'hide internal test';","                    local.modeTest = true;","                    local.testRunDefault(local);","                // hide tests","                } else {","                    document.querySelector('#testReportDiv1').style.display = 'none';","                    document.querySelector('#testRunButton1').textContent = 'run internal test';","                }","                break;","            // custom-case","            default:","                break;","            }","            if (document.querySelector('#inputTextareaEval1') && (!event || (event &&","                    event.currentTarget &&","                    event.currentTarget.className &&","                    event.currentTarget.className.includes &&","                    event.currentTarget.className.includes('oneval')))) {","                // try to eval input-code","                try {","                    /*jslint evil: true*/","                    eval(document.querySelector('#inputTextareaEval1').value);","                } catch (errorCaught) {","                    console.error(errorCaught);","                }","            }","        };","        // log stderr and stdout to #outputTextareaStdout1","        ['error', 'log'].forEach(function (key) {","            console[key + '_original'] = console[key];","            console[key] = function () {","                var element;","                console[key + '_original'].apply(console, arguments);","                element = document.querySelector('#outputTextareaStdout1');","                if (!element) {","                    return;","                }","                // append text to #outputTextareaStdout1","                element.value += Array.from(arguments).map(function (arg) {","                    return typeof arg === 'string'","                        ? arg","                        : JSON.stringify(arg, null, 4);","                }).join(' ') + '\\n';","                // scroll textarea to bottom","                element.scrollTop = element.scrollHeight;","            };","        });","        // init event-handling","        ['change', 'click', 'keyup'].forEach(function (event) {","            Array.from(document.querySelectorAll('.on' + event)).forEach(function (element) {","                element.addEventListener(event, local.testRunBrowser);","            });","        });","        // run tests","        local.testRunBrowser();","        break;","","","","    // run node js-env code - init-after","    /* istanbul ignore next */","    case 'node':","        // export local","        module.exports = local;","        // require modules","        local.fs = require('fs');","        local.http = require('http');","        local.url = require('url');","        // init assets","        local.assetsDict = local.assetsDict || {};","        /* jslint-ignore-begin */","        local.assetsDict['/assets.index.template.html'] = '\\","<!doctype html>\\n\\","<html lang=\"en\">\\n\\","<head>\\n\\","<meta charset=\"UTF-8\">\\n\\","<meta name=\"viewport\" content=\"width=device-width, initial-scale=1\">\\n\\","<title>{{env.npm_package_name}} (v{{env.npm_package_version}})</title>\\n\\","<style>\\n\\","/*csslint\\n\\","    box-sizing: false,\\n\\","    universal-selector: false\\n\\","*/\\n\\","* {\\n\\","    box-sizing: border-box;\\n\\","}\\n\\","body {\\n\\","    background: #dde;\\n\\","    font-family: Arial, Helvetica, sans-serif;\\n\\","    margin: 2rem;\\n\\","}\\n\\","body > * {\\n\\","    margin-bottom: 1rem;\\n\\","}\\n\\",".utility2FooterDiv {\\n\\","    margin-top: 20px;\\n\\","    text-align: center;\\n\\","}\\n\\","</style>\\n\\","<style>\\n\\","/*csslint\\n\\","*/\\n\\","textarea {\\n\\","    font-family: monospace;\\n\\","    height: 10rem;\\n\\","    width: 100%;\\n\\","}\\n\\","textarea[readonly] {\\n\\","    background: #ddd;\\n\\","}\\n\\","</style>\\n\\","</head>\\n\\","<body>\\n\\","<!-- utility2-comment\\n\\","<div id=\"ajaxProgressDiv1\" style=\"background: #d00; height: 2px; left: 0; margin: 0; padding: 0; position: fixed; top: 0; transition: background 0.5s, width 1.5s; width: 25%;\"></div>\\n\\","utility2-comment -->\\n\\","<h1>\\n\\","<!-- utility2-comment\\n\\","    <a\\n\\","        {{#if env.npm_package_homepage}}\\n\\","        href=\"{{env.npm_package_homepage}}\"\\n\\","        {{/if env.npm_package_homepage}}\\n\\","        target=\"_blank\"\\n\\","    >\\n\\","utility2-comment -->\\n\\","        {{env.npm_package_name}} (v{{env.npm_package_version}})\\n\\","<!-- utility2-comment\\n\\","    </a>\\n\\","utility2-comment -->\\n\\","</h1>\\n\\","<h3>{{env.npm_package_description}}</h3>\\n\\","<!-- utility2-comment\\n\\","<h4><a download href=\"assets.app.js\">download standalone app</a></h4>\\n\\","<button class=\"onclick onreset\" id=\"testRunButton1\">run internal test</button><br>\\n\\","<div id=\"testReportDiv1\" style=\"display: none;\"></div>\\n\\","utility2-comment -->\\n\\","\\n\\","\\n\\","\\n\\","<label>stderr and stdout</label>\\n\\","<textarea class=\"resettable\" id=\"outputTextareaStdout1\" readonly></textarea>\\n\\","<!-- utility2-comment\\n\\","{{#if isRollup}}\\n\\","<script src=\"assets.app.js\"></script>\\n\\","{{#unless isRollup}}\\n\\","utility2-comment -->\\n\\","<script src=\"assets.utility2.rollup.js\"></script>\\n\\","<script src=\"jsonp.utility2._stateInit?callback=window.utility2._stateInit\"></script>\\n\\","<script src=\"assets.npmtest_speakingurl.rollup.js\"></script>\\n\\","<script src=\"assets.example.js\"></script>\\n\\","<script src=\"assets.test.js\"></script>\\n\\","<!-- utility2-comment\\n\\","{{/if isRollup}}\\n\\","utility2-comment -->\\n\\","<div class=\"utility2FooterDiv\">\\n\\","    [ this app was created with\\n\\","    <a href=\"https://github.com/kaizhu256/node-utility2\" target=\"_blank\">utility2</a>\\n\\","    ]\\n\\","</div>\\n\\","</body>\\n\\","</html>\\n\\","';","        /* jslint-ignore-end */","        if (local.templateRender) {","            local.assetsDict['/'] = local.templateRender(","                local.assetsDict['/assets.index.template.html'],","                {","                    env: local.objectSetDefault(local.env, {","                        npm_package_description: 'the greatest app in the world!',","                        npm_package_name: 'my-app',","                        npm_package_nameAlias: 'my_app',","                        npm_package_version: '0.0.1'","                    })","                }","            );","        } else {","            local.assetsDict['/'] = local.assetsDict['/assets.index.template.html']","                .replace((/\\{\\{env\\.(\\w+?)\\}\\}/g), function (match0, match1) {","                    // jslint-hack","                    String(match0);","                    switch (match1) {","                    case 'npm_package_description':","                        return 'the greatest app in the world!';","                    case 'npm_package_name':","                        return 'my-app';","                    case 'npm_package_nameAlias':","                        return 'my_app';","                    case 'npm_package_version':","                        return '0.0.1';","                    }","                });","        }","        // run the cli","        if (local.global.utility2_rollup || module !== require.main) {","            break;","        }","        local.assetsDict['/assets.example.js'] =","            local.assetsDict['/assets.example.js'] ||","            local.fs.readFileSync(__filename, 'utf8');","        // bug-workaround - long $npm_package_buildCustomOrg","        /* jslint-ignore-begin */","        local.assetsDict['/assets.npmtest_speakingurl.rollup.js'] =","            local.assetsDict['/assets.npmtest_speakingurl.rollup.js'] ||","            local.fs.readFileSync(","                local.npmtest_speakingurl.__dirname + '/lib.npmtest_speakingurl.js',","                'utf8'","            ).replace((/^#!/), '//');","        /* jslint-ignore-end */","        local.assetsDict['/favicon.ico'] = local.assetsDict['/favicon.ico'] || '';","        // if $npm_config_timeout_exit exists,","        // then exit this process after $npm_config_timeout_exit ms","        if (Number(process.env.npm_config_timeout_exit)) {","            setTimeout(process.exit, Number(process.env.npm_config_timeout_exit));","        }","        // start server","        if (local.global.utility2_serverHttp1) {","            break;","        }","        process.env.PORT = process.env.PORT || '8081';","        console.error('server starting on port ' + process.env.PORT);","        local.http.createServer(function (request, response) {","            request.urlParsed = local.url.parse(request.url);","            if (local.assetsDict[request.urlParsed.pathname] !== undefined) {","                response.end(local.assetsDict[request.urlParsed.pathname]);","                return;","            }","            response.statusCode = 404;","            response.end();","        }).listen(process.env.PORT);","        break;","    }","}());",""],"l":{"26":2,"28":2,"33":2,"35":2,"37":2,"38":2,"39":2,"44":1,"51":2,"55":2,"59":2,"61":2,"69":1,"70":2,"76":2,"79":2,"82":2,"83":2,"85":1,"89":2,"92":1,"93":1,"94":1,"96":1,"97":1,"100":1,"101":1,"103":1,"106":1,"108":2,"114":1,"116":1,"118":1,"123":1,"124":2,"125":2,"126":3,"127":3,"128":3,"129":3,"130":1,"133":3,"134":3,"139":3,"143":1,"144":3,"145":1,"149":1,"150":1,"158":1,"160":1,"161":1,"162":1,"164":1,"166":1,"258":1,"259":1,"271":1,"274":6,"275":6,"277":1,"279":2,"281":1,"283":2,"288":1,"289":1,"291":1,"296":1,"303":1,"306":1,"307":1,"310":1,"311":1,"313":1,"314":1,"315":1,"316":1,"317":1,"318":1,"319":1,"321":1,"322":1,"324":1}},"/home/travis/build/npmtest/node-npmtest-speakingurl/node_modules/speakingurl/index.js":{"path":"/home/travis/build/npmtest/node-npmtest-speakingurl/node_modules/speakingurl/index.js","s":{"1":1},"b":{},"f":{},"fnMap":{},"statementMap":{"1":{"start":{"line":1,"column":0},"end":{"line":1,"column":46}}},"branchMap":{},"code":["module.exports = require('./lib/speakingurl');",""],"l":{"1":1}},"/home/travis/build/npmtest/node-npmtest-speakingurl/node_modules/speakingurl/lib/speakingurl.js":{"path":"/home/travis/build/npmtest/node-npmtest-speakingurl/node_modules/speakingurl/lib/speakingurl.js","s":{"1":1,"2":1,"3":1,"4":1,"5":1,"6":1,"7":1,"8":1,"9":1,"10":1,"11":0,"12":0,"13":0,"14":0,"15":0,"16":0,"17":0,"18":0,"19":0,"20":0,"21":0,"22":0,"23":0,"24":0,"25":0,"26":0,"27":0,"28":0,"29":0,"30":0,"31":0,"32":0,"33":0,"34":0,"35":0,"36":0,"37":0,"38":0,"39":0,"40":0,"41":0,"42":0,"43":0,"44":0,"45":0,"46":0,"47":0,"48":0,"49":0,"50":0,"51":0,"52":0,"53":0,"54":0,"55":0,"56":0,"57":0,"58":0,"59":0,"60":0,"61":0,"62":0,"63":0,"64":0,"65":0,"66":0,"67":0,"68":0,"69":0,"70":0,"71":0,"72":0,"73":0,"74":0,"75":0,"76":0,"77":0,"78":0,"79":0,"80":0,"81":0,"82":0,"83":0,"84":0,"85":0,"86":0,"87":0,"88":0,"89":0,"90":0,"91":0,"92":0,"93":0,"94":0,"95":0,"96":0,"97":0,"98":0,"99":0,"100":0,"101":0,"102":0,"103":0,"104":0,"105":0,"106":0,"107":0,"108":0,"109":0,"110":0,"111":0,"112":0,"113":0,"114":0,"115":0,"116":0,"117":0,"118":0,"119":0,"120":0,"121":0,"122":0,"123":1,"124":0,"125":0,"126":1,"127":0,"128":1,"129":0,"130":0,"131":0,"132":1,"133":1,"134":1,"135":0,"136":0,"137":0,"138":0,"139":0,"140":0,"141":0,"142":0},"b":{"1":[0,0],"2":[0,0],"3":[0,0],"4":[0,0],"5":[0,0],"6":[0,0],"7":[0,0,0],"8":[0,0],"9":[0,0],"10":[0,0],"11":[0,0],"12":[0,0],"13":[0,0],"14":[0,0],"15":[0,0],"16":[0,0],"17":[0,0],"18":[0,0,0],"19":[0,0],"20":[0,0],"21":[0,0],"22":[0,0],"23":[0,0],"24":[0,0],"25":[0,0,0],"26":[0,0],"27":[0,0,0],"28":[0,0],"29":[0,0],"30":[0,0],"31":[0,0],"32":[0,0],"33":[0,0],"34":[0,0],"35":[0,0],"36":[0,0],"37":[0,0],"38":[0,0],"39":[0,0],"40":[0,0],"41":[0,0],"42":[0,0,0],"43":[0,0],"44":[0,0],"45":[0,0],"46":[0,0],"47":[0,0],"48":[0,0],"49":[0,0],"50":[0,0],"51":[0,0,0],"52":[0,0],"53":[0,0],"54":[0,0],"55":[0,0],"56":[0,0],"57":[0,0],"58":[0,0],"59":[0,0],"60":[0,0],"61":[1,0],"62":[1,1],"63":[0,0],"64":[0,0],"65":[0,0],"66":[0,0]},"f":{"1":1,"2":0,"3":0,"4":0,"5":0,"6":0,"7":0,"8":0,"9":0,"10":0,"11":0},"fnMap":{"1":{"name":"(anonymous_1)","line":1,"loc":{"start":{"line":1,"column":1},"end":{"line":1,"column":17}}},"2":{"name":"getSlug","line":1321,"loc":{"start":{"line":1321,"column":18},"end":{"line":1321,"column":48}}},"3":{"name":"(anonymous_3)","line":1385,"loc":{"start":{"line":1385,"column":39},"end":{"line":1385,"column":52}}},"4":{"name":"(anonymous_4)","line":1396,"loc":{"start":{"line":1396,"column":36},"end":{"line":1396,"column":49}}},"5":{"name":"(anonymous_5)","line":1402,"loc":{"start":{"line":1402,"column":52},"end":{"line":1402,"column":65}}},"6":{"name":"(anonymous_6)","line":1492,"loc":{"start":{"line":1492,"column":50},"end":{"line":1492,"column":69}}},"7":{"name":"createSlug","line":1526,"loc":{"start":{"line":1526,"column":21},"end":{"line":1526,"column":47}}},"8":{"name":"getSlugWithConfig","line":1533,"loc":{"start":{"line":1533,"column":15},"end":{"line":1533,"column":49}}},"9":{"name":"escapeChars","line":1542,"loc":{"start":{"line":1542,"column":22},"end":{"line":1542,"column":50}}},"10":{"name":"(anonymous_10)","line":1551,"loc":{"start":{"line":1551,"column":31},"end":{"line":1551,"column":65}}},"11":{"name":"(anonymous_11)","line":1567,"loc":{"start":{"line":1567,"column":19},"end":{"line":1567,"column":31}}}},"statementMap":{"1":{"start":{"line":1,"column":0},"end":{"line":1582,"column":9}},"2":{"start":{"line":8,"column":4},"end":{"line":757,"column":6}},"3":{"start":{"line":764,"column":4},"end":{"line":770,"column":6}},"4":{"start":{"line":776,"column":4},"end":{"line":834,"column":6}},"5":{"start":{"line":840,"column":4},"end":{"line":991,"column":6}},"6":{"start":{"line":998,"column":4},"end":{"line":1306,"column":6}},"7":{"start":{"line":1308,"column":4},"end":{"line":1308,"column":80}},"8":{"start":{"line":1310,"column":4},"end":{"line":1310,"column":82}},"9":{"start":{"line":1312,"column":4},"end":{"line":1312,"column":65}},"10":{"start":{"line":1321,"column":4},"end":{"line":1519,"column":6}},"11":{"start":{"line":1322,"column":8},"end":{"line":1322,"column":28}},"12":{"start":{"line":1323,"column":8},"end":{"line":1323,"column":24}},"13":{"start":{"line":1324,"column":8},"end":{"line":1324,"column":31}},"14":{"start":{"line":1325,"column":8},"end":{"line":1325,"column":34}},"15":{"start":{"line":1326,"column":8},"end":{"line":1326,"column":36}},"16":{"start":{"line":1327,"column":8},"end":{"line":1327,"column":25}},"17":{"start":{"line":1328,"column":8},"end":{"line":1328,"column":22}},"18":{"start":{"line":1329,"column":8},"end":{"line":1329,"column":21}},"19":{"start":{"line":1330,"column":8},"end":{"line":1330,"column":21}},"20":{"start":{"line":1331,"column":8},"end":{"line":1331,"column":28}},"21":{"start":{"line":1332,"column":8},"end":{"line":1332,"column":21}},"22":{"start":{"line":1333,"column":8},"end":{"line":1333,"column":19}},"23":{"start":{"line":1334,"column":8},"end":{"line":1334,"column":21}},"24":{"start":{"line":1335,"column":8},"end":{"line":1335,"column":18}},"25":{"start":{"line":1336,"column":8},"end":{"line":1336,"column":14}},"26":{"start":{"line":1337,"column":8},"end":{"line":1337,"column":15}},"27":{"start":{"line":1338,"column":8},"end":{"line":1338,"column":14}},"28":{"start":{"line":1339,"column":8},"end":{"line":1339,"column":30}},"29":{"start":{"line":1340,"column":8},"end":{"line":1340,"column":31}},"30":{"start":{"line":1341,"column":8},"end":{"line":1341,"column":30}},"31":{"start":{"line":1343,"column":8},"end":{"line":1345,"column":9}},"32":{"start":{"line":1344,"column":12},"end":{"line":1344,"column":22}},"33":{"start":{"line":1347,"column":8},"end":{"line":1349,"column":9}},"34":{"start":{"line":1348,"column":12},"end":{"line":1348,"column":29}},"35":{"start":{"line":1351,"column":8},"end":{"line":1351,"column":30}},"36":{"start":{"line":1352,"column":8},"end":{"line":1352,"column":34}},"37":{"start":{"line":1354,"column":8},"end":{"line":1418,"column":9}},"38":{"start":{"line":1355,"column":12},"end":{"line":1355,"column":54}},"39":{"start":{"line":1356,"column":12},"end":{"line":1356,"column":117}},"40":{"start":{"line":1357,"column":12},"end":{"line":1357,"column":70}},"41":{"start":{"line":1358,"column":12},"end":{"line":1358,"column":42}},"42":{"start":{"line":1359,"column":12},"end":{"line":1359,"column":56}},"43":{"start":{"line":1360,"column":12},"end":{"line":1360,"column":42}},"44":{"start":{"line":1361,"column":12},"end":{"line":1361,"column":92}},"45":{"start":{"line":1362,"column":12},"end":{"line":1362,"column":52}},"46":{"start":{"line":1364,"column":12},"end":{"line":1366,"column":13}},"47":{"start":{"line":1365,"column":16},"end":{"line":1365,"column":42}},"48":{"start":{"line":1368,"column":12},"end":{"line":1370,"column":13}},"49":{"start":{"line":1369,"column":16},"end":{"line":1369,"column":49}},"50":{"start":{"line":1372,"column":12},"end":{"line":1374,"column":13}},"51":{"start":{"line":1373,"column":16},"end":{"line":1373,"column":42}},"52":{"start":{"line":1376,"column":12},"end":{"line":1377,"column":76}},"53":{"start":{"line":1379,"column":12},"end":{"line":1381,"column":80}},"54":{"start":{"line":1384,"column":12},"end":{"line":1392,"column":13}},"55":{"start":{"line":1385,"column":16},"end":{"line":1387,"column":19}},"56":{"start":{"line":1386,"column":20},"end":{"line":1386,"column":56}},"57":{"start":{"line":1389,"column":16},"end":{"line":1389,"column":33}},"58":{"start":{"line":1391,"column":16},"end":{"line":1391,"column":45}},"59":{"start":{"line":1395,"column":12},"end":{"line":1399,"column":13}},"60":{"start":{"line":1396,"column":16},"end":{"line":1398,"column":19}},"61":{"start":{"line":1397,"column":20},"end":{"line":1397,"column":56}},"62":{"start":{"line":1402,"column":12},"end":{"line":1412,"column":15}},"63":{"start":{"line":1403,"column":16},"end":{"line":1403,"column":22}},"64":{"start":{"line":1405,"column":16},"end":{"line":1409,"column":17}},"65":{"start":{"line":1406,"column":20},"end":{"line":1406,"column":73}},"66":{"start":{"line":1408,"column":20},"end":{"line":1408,"column":57}},"67":{"start":{"line":1411,"column":16},"end":{"line":1411,"column":64}},"68":{"start":{"line":1415,"column":12},"end":{"line":1417,"column":13}},"69":{"start":{"line":1416,"column":16},"end":{"line":1416,"column":35}},"70":{"start":{"line":1420,"column":8},"end":{"line":1420,"column":34}},"71":{"start":{"line":1423,"column":8},"end":{"line":1423,"column":49}},"72":{"start":{"line":1426,"column":8},"end":{"line":1426,"column":50}},"73":{"start":{"line":1428,"column":8},"end":{"line":1428,"column":34}},"74":{"start":{"line":1429,"column":8},"end":{"line":1429,"column":35}},"75":{"start":{"line":1431,"column":8},"end":{"line":1489,"column":9}},"76":{"start":{"line":1432,"column":12},"end":{"line":1432,"column":26}},"77":{"start":{"line":1434,"column":12},"end":{"line":1485,"column":13}},"78":{"start":{"line":1436,"column":16},"end":{"line":1436,"column":42}},"79":{"start":{"line":1437,"column":19},"end":{"line":1485,"column":13}},"80":{"start":{"line":1439,"column":16},"end":{"line":1439,"column":112}},"81":{"start":{"line":1441,"column":16},"end":{"line":1441,"column":42}},"82":{"start":{"line":1442,"column":19},"end":{"line":1485,"column":13}},"83":{"start":{"line":1444,"column":16},"end":{"line":1453,"column":17}},"84":{"start":{"line":1445,"column":20},"end":{"line":1445,"column":40}},"85":{"start":{"line":1446,"column":20},"end":{"line":1446,"column":28}},"86":{"start":{"line":1447,"column":23},"end":{"line":1453,"column":17}},"87":{"start":{"line":1448,"column":20},"end":{"line":1448,"column":65}},"88":{"start":{"line":1449,"column":20},"end":{"line":1449,"column":39}},"89":{"start":{"line":1452,"column":20},"end":{"line":1452,"column":113}},"90":{"start":{"line":1455,"column":16},"end":{"line":1455,"column":42}},"91":{"start":{"line":1456,"column":16},"end":{"line":1456,"column":43}},"92":{"start":{"line":1457,"column":19},"end":{"line":1485,"column":13}},"93":{"start":{"line":1458,"column":16},"end":{"line":1458,"column":36}},"94":{"start":{"line":1459,"column":16},"end":{"line":1459,"column":24}},"95":{"start":{"line":1461,"column":16},"end":{"line":1463,"column":17}},"96":{"start":{"line":1462,"column":20},"end":{"line":1462,"column":51}},"97":{"start":{"line":1464,"column":16},"end":{"line":1464,"column":42}},"98":{"start":{"line":1465,"column":19},"end":{"line":1485,"column":13}},"99":{"start":{"line":1471,"column":16},"end":{"line":1471,"column":119}},"100":{"start":{"line":1472,"column":16},"end":{"line":1472,"column":100}},"101":{"start":{"line":1474,"column":16},"end":{"line":1474,"column":41}},"102":{"start":{"line":1476,"column":16},"end":{"line":1483,"column":17}},"103":{"start":{"line":1477,"column":20},"end":{"line":1477,"column":56}},"104":{"start":{"line":1478,"column":20},"end":{"line":1478,"column":39}},"105":{"start":{"line":1479,"column":20},"end":{"line":1479,"column":47}},"106":{"start":{"line":1480,"column":23},"end":{"line":1483,"column":17}},"107":{"start":{"line":1482,"column":20},"end":{"line":1482,"column":34}},"108":{"start":{"line":1484,"column":16},"end":{"line":1484,"column":42}},"109":{"start":{"line":1488,"column":12},"end":{"line":1488,"column":96}},"110":{"start":{"line":1491,"column":8},"end":{"line":1496,"column":9}},"111":{"start":{"line":1492,"column":12},"end":{"line":1495,"column":15}},"112":{"start":{"line":1493,"column":16},"end":{"line":1493,"column":64}},"113":{"start":{"line":1494,"column":16},"end":{"line":1494,"column":108}},"114":{"start":{"line":1501,"column":8},"end":{"line":1503,"column":91}},"115":{"start":{"line":1505,"column":8},"end":{"line":1512,"column":9}},"116":{"start":{"line":1506,"column":12},"end":{"line":1506,"column":58}},"117":{"start":{"line":1507,"column":12},"end":{"line":1507,"column":47}},"118":{"start":{"line":1509,"column":12},"end":{"line":1511,"column":13}},"119":{"start":{"line":1510,"column":16},"end":{"line":1510,"column":72}},"120":{"start":{"line":1514,"column":8},"end":{"line":1516,"column":9}},"121":{"start":{"line":1515,"column":12},"end":{"line":1515,"column":42}},"122":{"start":{"line":1518,"column":8},"end":{"line":1518,"column":22}},"123":{"start":{"line":1526,"column":4},"end":{"line":1536,"column":6}},"124":{"start":{"line":1533,"column":8},"end":{"line":1535,"column":10}},"125":{"start":{"line":1534,"column":12},"end":{"line":1534,"column":40}},"126":{"start":{"line":1542,"column":4},"end":{"line":1544,"column":6}},"127":{"start":{"line":1543,"column":8},"end":{"line":1543,"column":63}},"128":{"start":{"line":1551,"column":4},"end":{"line":1557,"column":6}},"129":{"start":{"line":1552,"column":8},"end":{"line":1556,"column":9}},"130":{"start":{"line":1553,"column":12},"end":{"line":1555,"column":13}},"131":{"start":{"line":1554,"column":16},"end":{"line":1554,"column":28}},"132":{"start":{"line":1559,"column":4},"end":{"line":1581,"column":5}},"133":{"start":{"line":1562,"column":8},"end":{"line":1562,"column":33}},"134":{"start":{"line":1563,"column":8},"end":{"line":1563,"column":47}},"135":{"start":{"line":1564,"column":11},"end":{"line":1581,"column":5}},"136":{"start":{"line":1567,"column":8},"end":{"line":1569,"column":11}},"137":{"start":{"line":1568,"column":12},"end":{"line":1568,"column":27}},"138":{"start":{"line":1573,"column":8},"end":{"line":1580,"column":22}},"139":{"start":{"line":1574,"column":12},"end":{"line":1579,"column":13}},"140":{"start":{"line":1575,"column":16},"end":{"line":1575,"column":75}},"141":{"start":{"line":1577,"column":16},"end":{"line":1577,"column":39}},"142":{"start":{"line":1578,"column":16},"end":{"line":1578,"column":45}}},"branchMap":{"1":{"line":1343,"type":"if","locations":[{"start":{"line":1343,"column":8},"end":{"line":1343,"column":8}},{"start":{"line":1343,"column":8},"end":{"line":1343,"column":8}}]},"2":{"line":1347,"type":"if","locations":[{"start":{"line":1347,"column":8},"end":{"line":1347,"column":8}},{"start":{"line":1347,"column":8},"end":{"line":1347,"column":8}}]},"3":{"line":1354,"type":"if","locations":[{"start":{"line":1354,"column":8},"end":{"line":1354,"column":8}},{"start":{"line":1354,"column":8},"end":{"line":1354,"column":8}}]},"4":{"line":1355,"type":"binary-expr","locations":[{"start":{"line":1355,"column":27},"end":{"line":1355,"column":44}},{"start":{"line":1355,"column":48},"end":{"line":1355,"column":53}}]},"5":{"line":1356,"type":"cond-expr","locations":[{"start":{"line":1356,"column":84},"end":{"line":1356,"column":95}},{"start":{"line":1356,"column":98},"end":{"line":1356,"column":116}}]},"6":{"line":1356,"type":"binary-expr","locations":[{"start":{"line":1356,"column":34},"end":{"line":1356,"column":45}},{"start":{"line":1356,"column":49},"end":{"line":1356,"column":80}}]},"7":{"line":1357,"type":"binary-expr","locations":[{"start":{"line":1357,"column":24},"end":{"line":1357,"column":42}},{"start":{"line":1357,"column":46},"end":{"line":1357,"column":59}},{"start":{"line":1357,"column":64},"end":{"line":1357,"column":69}}]},"8":{"line":1358,"type":"binary-expr","locations":[{"start":{"line":1358,"column":23},"end":{"line":1358,"column":32}},{"start":{"line":1358,"column":36},"end":{"line":1358,"column":41}}]},"9":{"line":1359,"type":"binary-expr","locations":[{"start":{"line":1359,"column":30},"end":{"line":1359,"column":46}},{"start":{"line":1359,"column":50},"end":{"line":1359,"column":55}}]},"10":{"line":1360,"type":"binary-expr","locations":[{"start":{"line":1360,"column":23},"end":{"line":1360,"column":32}},{"start":{"line":1360,"column":36},"end":{"line":1360,"column":41}}]},"11":{"line":1361,"type":"cond-expr","locations":[{"start":{"line":1361,"column":79},"end":{"line":1361,"column":84}},{"start":{"line":1361,"column":87},"end":{"line":1361,"column":91}}]},"12":{"line":1361,"type":"binary-expr","locations":[{"start":{"line":1361,"column":30},"end":{"line":1361,"column":52}},{"start":{"line":1361,"column":56},"end":{"line":1361,"column":75}}]},"13":{"line":1362,"type":"binary-expr","locations":[{"start":{"line":1362,"column":24},"end":{"line":1362,"column":38}},{"start":{"line":1362,"column":42},"end":{"line":1362,"column":51}}]},"14":{"line":1364,"type":"if","locations":[{"start":{"line":1364,"column":12},"end":{"line":1364,"column":12}},{"start":{"line":1364,"column":12},"end":{"line":1364,"column":12}}]},"15":{"line":1368,"type":"if","locations":[{"start":{"line":1368,"column":12},"end":{"line":1368,"column":12}},{"start":{"line":1368,"column":12},"end":{"line":1368,"column":12}}]},"16":{"line":1372,"type":"if","locations":[{"start":{"line":1372,"column":12},"end":{"line":1372,"column":12}},{"start":{"line":1372,"column":12},"end":{"line":1372,"column":12}}]},"17":{"line":1376,"type":"cond-expr","locations":[{"start":{"line":1377,"column":16},"end":{"line":1377,"column":36}},{"start":{"line":1377,"column":40},"end":{"line":1377,"column":74}}]},"18":{"line":1376,"type":"binary-expr","locations":[{"start":{"line":1376,"column":22},"end":{"line":1376,"column":31}},{"start":{"line":1376,"column":35},"end":{"line":1376,"column":55}},{"start":{"line":1376,"column":59},"end":{"line":1376,"column":73}}]},"19":{"line":1377,"type":"cond-expr","locations":[{"start":{"line":1377,"column":57},"end":{"line":1377,"column":69}},{"start":{"line":1377,"column":72},"end":{"line":1377,"column":74}}]},"20":{"line":1379,"type":"cond-expr","locations":[{"start":{"line":1380,"column":16},"end":{"line":1380,"column":38}},{"start":{"line":1381,"column":16},"end":{"line":1381,"column":79}}]},"21":{"line":1379,"type":"binary-expr","locations":[{"start":{"line":1379,"column":24},"end":{"line":1379,"column":33}},{"start":{"line":1379,"column":37},"end":{"line":1379,"column":59}}]},"22":{"line":1381,"type":"cond-expr","locations":[{"start":{"line":1381,"column":60},"end":{"line":1381,"column":62}},{"start":{"line":1381,"column":65},"end":{"line":1381,"column":79}}]},"23":{"line":1381,"type":"binary-expr","locations":[{"start":{"line":1381,"column":16},"end":{"line":1381,"column":35}},{"start":{"line":1381,"column":39},"end":{"line":1381,"column":57}}]},"24":{"line":1384,"type":"if","locations":[{"start":{"line":1384,"column":12},"end":{"line":1384,"column":12}},{"start":{"line":1384,"column":12},"end":{"line":1384,"column":12}}]},"25":{"line":1384,"type":"binary-expr","locations":[{"start":{"line":1384,"column":16},"end":{"line":1384,"column":30}},{"start":{"line":1384,"column":34},"end":{"line":1384,"column":75}},{"start":{"line":1384,"column":79},"end":{"line":1384,"column":124}}]},"26":{"line":1395,"type":"if","locations":[{"start":{"line":1395,"column":12},"end":{"line":1395,"column":12}},{"start":{"line":1395,"column":12},"end":{"line":1395,"column":12}}]},"27":{"line":1395,"type":"binary-expr","locations":[{"start":{"line":1395,"column":16},"end":{"line":1395,"column":27}},{"start":{"line":1395,"column":31},"end":{"line":1395,"column":69}},{"start":{"line":1395,"column":73},"end":{"line":1395,"column":115}}]},"28":{"line":1405,"type":"if","locations":[{"start":{"line":1405,"column":16},"end":{"line":1405,"column":16}},{"start":{"line":1405,"column":16},"end":{"line":1405,"column":16}}]},"29":{"line":1434,"type":"if","locations":[{"start":{"line":1434,"column":12},"end":{"line":1434,"column":12}},{"start":{"line":1434,"column":12},"end":{"line":1434,"column":12}}]},"30":{"line":1437,"type":"if","locations":[{"start":{"line":1437,"column":19},"end":{"line":1437,"column":19}},{"start":{"line":1437,"column":19},"end":{"line":1437,"column":19}}]},"31":{"line":1439,"type":"cond-expr","locations":[{"start":{"line":1439,"column":78},"end":{"line":1439,"column":96}},{"start":{"line":1439,"column":99},"end":{"line":1439,"column":111}}]},"32":{"line":1439,"type":"binary-expr","locations":[{"start":{"line":1439,"column":21},"end":{"line":1439,"column":38}},{"start":{"line":1439,"column":42},"end":{"line":1439,"column":75}}]},"33":{"line":1442,"type":"if","locations":[{"start":{"line":1442,"column":19},"end":{"line":1442,"column":19}},{"start":{"line":1442,"column":19},"end":{"line":1442,"column":19}}]},"34":{"line":1444,"type":"if","locations":[{"start":{"line":1444,"column":16},"end":{"line":1444,"column":16}},{"start":{"line":1444,"column":16},"end":{"line":1444,"column":16}}]},"35":{"line":1444,"type":"binary-expr","locations":[{"start":{"line":1444,"column":20},"end":{"line":1444,"column":29}},{"start":{"line":1444,"column":33},"end":{"line":1444,"column":78}}]},"36":{"line":1447,"type":"if","locations":[{"start":{"line":1447,"column":23},"end":{"line":1447,"column":23}},{"start":{"line":1447,"column":23},"end":{"line":1447,"column":23}}]},"37":{"line":1452,"type":"cond-expr","locations":[{"start":{"line":1452,"column":81},"end":{"line":1452,"column":98}},{"start":{"line":1452,"column":101},"end":{"line":1452,"column":112}}]},"38":{"line":1452,"type":"binary-expr","locations":[{"start":{"line":1452,"column":25},"end":{"line":1452,"column":42}},{"start":{"line":1452,"column":46},"end":{"line":1452,"column":78}}]},"39":{"line":1457,"type":"if","locations":[{"start":{"line":1457,"column":19},"end":{"line":1457,"column":19}},{"start":{"line":1457,"column":19},"end":{"line":1457,"column":19}}]},"40":{"line":1461,"type":"if","locations":[{"start":{"line":1461,"column":16},"end":{"line":1461,"column":16}},{"start":{"line":1461,"column":16},"end":{"line":1461,"column":16}}]},"41":{"line":1465,"type":"if","locations":[{"start":{"line":1465,"column":19},"end":{"line":1465,"column":19}},{"start":{"line":1465,"column":19},"end":{"line":1465,"column":19}}]},"42":{"line":1467,"type":"binary-expr","locations":[{"start":{"line":1467,"column":16},"end":{"line":1467,"column":26}},{"start":{"line":1467,"column":30},"end":{"line":1468,"column":40}},{"start":{"line":1468,"column":44},"end":{"line":1470,"column":40}}]},"43":{"line":1467,"type":"binary-expr","locations":[{"start":{"line":1467,"column":32},"end":{"line":1467,"column":40}},{"start":{"line":1467,"column":44},"end":{"line":1468,"column":39}}]},"44":{"line":1468,"type":"binary-expr","locations":[{"start":{"line":1468,"column":46},"end":{"line":1468,"column":61}},{"start":{"line":1468,"column":65},"end":{"line":1470,"column":39}}]},"45":{"line":1471,"type":"cond-expr","locations":[{"start":{"line":1471,"column":83},"end":{"line":1471,"column":105}},{"start":{"line":1471,"column":108},"end":{"line":1471,"column":118}}]},"46":{"line":1471,"type":"binary-expr","locations":[{"start":{"line":1471,"column":21},"end":{"line":1471,"column":38}},{"start":{"line":1471,"column":42},"end":{"line":1471,"column":80}}]},"47":{"line":1472,"type":"cond-expr","locations":[{"start":{"line":1472,"column":85},"end":{"line":1472,"column":94}},{"start":{"line":1472,"column":97},"end":{"line":1472,"column":99}}]},"48":{"line":1472,"type":"binary-expr","locations":[{"start":{"line":1472,"column":22},"end":{"line":1472,"column":45}},{"start":{"line":1472,"column":49},"end":{"line":1472,"column":82}}]},"49":{"line":1476,"type":"if","locations":[{"start":{"line":1476,"column":16},"end":{"line":1476,"column":16}},{"start":{"line":1476,"column":16},"end":{"line":1476,"column":16}}]},"50":{"line":1480,"type":"if","locations":[{"start":{"line":1480,"column":23},"end":{"line":1480,"column":23}},{"start":{"line":1480,"column":23},"end":{"line":1480,"column":23}}]},"51":{"line":1480,"type":"binary-expr","locations":[{"start":{"line":1480,"column":27},"end":{"line":1480,"column":44}},{"start":{"line":1480,"column":49},"end":{"line":1480,"column":71}},{"start":{"line":1480,"column":75},"end":{"line":1480,"column":112}}]},"52":{"line":1491,"type":"if","locations":[{"start":{"line":1491,"column":8},"end":{"line":1491,"column":8}},{"start":{"line":1491,"column":8},"end":{"line":1491,"column":8}}]},"53":{"line":1493,"type":"cond-expr","locations":[{"start":{"line":1493,"column":56},"end":{"line":1493,"column":57}},{"start":{"line":1493,"column":60},"end":{"line":1493,"column":62}}]},"54":{"line":1494,"type":"cond-expr","locations":[{"start":{"line":1494,"column":88},"end":{"line":1494,"column":89}},{"start":{"line":1494,"column":92},"end":{"line":1494,"column":107}}]},"55":{"line":1505,"type":"if","locations":[{"start":{"line":1505,"column":8},"end":{"line":1505,"column":8}},{"start":{"line":1505,"column":8},"end":{"line":1505,"column":8}}]},"56":{"line":1505,"type":"binary-expr","locations":[{"start":{"line":1505,"column":12},"end":{"line":1505,"column":20}},{"start":{"line":1505,"column":24},"end":{"line":1505,"column":48}}]},"57":{"line":1509,"type":"if","locations":[{"start":{"line":1509,"column":12},"end":{"line":1509,"column":12}},{"start":{"line":1509,"column":12},"end":{"line":1509,"column":12}}]},"58":{"line":1514,"type":"if","locations":[{"start":{"line":1514,"column":8},"end":{"line":1514,"column":8}},{"start":{"line":1514,"column":8},"end":{"line":1514,"column":8}}]},"59":{"line":1514,"type":"binary-expr","locations":[{"start":{"line":1514,"column":12},"end":{"line":1514,"column":25}},{"start":{"line":1514,"column":29},"end":{"line":1514,"column":39}}]},"60":{"line":1553,"type":"if","locations":[{"start":{"line":1553,"column":12},"end":{"line":1553,"column":12}},{"start":{"line":1553,"column":12},"end":{"line":1553,"column":12}}]},"61":{"line":1559,"type":"if","locations":[{"start":{"line":1559,"column":4},"end":{"line":1559,"column":4}},{"start":{"line":1559,"column":4},"end":{"line":1559,"column":4}}]},"62":{"line":1559,"type":"binary-expr","locations":[{"start":{"line":1559,"column":8},"end":{"line":1559,"column":37}},{"start":{"line":1559,"column":41},"end":{"line":1559,"column":55}}]},"63":{"line":1564,"type":"if","locations":[{"start":{"line":1564,"column":11},"end":{"line":1564,"column":11}},{"start":{"line":1564,"column":11},"end":{"line":1564,"column":11}}]},"64":{"line":1564,"type":"binary-expr","locations":[{"start":{"line":1564,"column":15},"end":{"line":1564,"column":44}},{"start":{"line":1564,"column":48},"end":{"line":1564,"column":58}}]},"65":{"line":1574,"type":"if","locations":[{"start":{"line":1574,"column":12},"end":{"line":1574,"column":12}},{"start":{"line":1574,"column":12},"end":{"line":1574,"column":12}}]},"66":{"line":1574,"type":"binary-expr","locations":[{"start":{"line":1574,"column":16},"end":{"line":1574,"column":28}},{"start":{"line":1574,"column":32},"end":{"line":1574,"column":47}}]}},"code":["(function (root) {","    'use strict';","","    /**","     * charMap","     * @type {Object}","     */","    var charMap = {","","        // latin","        'À': 'A',","        'Á': 'A',","        'Â': 'A',","        'Ã': 'A',","        'Ä': 'Ae',","        'Å': 'A',","        'Æ': 'AE',","        'Ç': 'C',","        'È': 'E',","        'É': 'E',","        'Ê': 'E',","        'Ë': 'E',","        'Ì': 'I',","        'Í': 'I',","        'Î': 'I',","        'Ï': 'I',","        'Ð': 'D',","        'Ñ': 'N',","        'Ò': 'O',","        'Ó': 'O',","        'Ô': 'O',","        'Õ': 'O',","        'Ö': 'Oe',","        'Ő': 'O',","        'Ø': 'O',","        'Ù': 'U',","        'Ú': 'U',","        'Û': 'U',","        'Ü': 'Ue',","        'Ű': 'U',","        'Ý': 'Y',","        'Þ': 'TH',","        'ß': 'ss',","        'à': 'a',","        'á': 'a',","        'â': 'a',","        'ã': 'a',","        'ä': 'ae',","        'å': 'a',","        'æ': 'ae',","        'ç': 'c',","        'è': 'e',","        'é': 'e',","        'ê': 'e',","        'ë': 'e',","        'ì': 'i',","        'í': 'i',","        'î': 'i',","        'ï': 'i',","        'ð': 'd',","        'ñ': 'n',","        'ò': 'o',","        'ó': 'o',","        'ô': 'o',","        'õ': 'o',","        'ö': 'oe',","        'ő': 'o',","        'ø': 'o',","        'ù': 'u',","        'ú': 'u',","        'û': 'u',","        'ü': 'ue',","        'ű': 'u',","        'ý': 'y',","        'þ': 'th',","        'ÿ': 'y',","        'ẞ': 'SS',","","        // language specific","","        // Arabic","        'ا': 'a',","        'أ': 'a',","        'إ': 'i',","        'آ': 'aa',","        'ؤ': 'u',","        'ئ': 'e',","        'ء': 'a',","        'ب': 'b',","        'ت': 't',","        'ث': 'th',","        'ج': 'j',","        'ح': 'h',","        'خ': 'kh',","        'د': 'd',","        'ذ': 'th',","        'ر': 'r',","        'ز': 'z',","        'س': 's',","        'ش': 'sh',","        'ص': 's',","        'ض': 'dh',","        'ط': 't',","        'ظ': 'z',","        'ع': 'a',","        'غ': 'gh',","        'ف': 'f',","        'ق': 'q',","        'ك': 'k',","        'ل': 'l',","        'م': 'm',","        'ن': 'n',","        'ه': 'h',","        'و': 'w',","        'ي': 'y',","        'ى': 'a',","        'ة': 'h',","        'ﻻ': 'la',","        'ﻷ': 'laa',","        'ﻹ': 'lai',","        'ﻵ': 'laa',","","        // Persian additional characters than Arabic","        'گ': 'g',","        'چ': 'ch',","        'پ': 'p',","        'ژ': 'zh',","        'ک': 'k',","        'ی': 'y',","","        // Arabic diactrics","        'َ': 'a',","        'ً': 'an',","        'ِ': 'e',","        'ٍ': 'en',","        'ُ': 'u',","        'ٌ': 'on',","        'ْ': '',","","        // Arabic numbers","        '٠': '0',","        '١': '1',","        '٢': '2',","        '٣': '3',","        '٤': '4',","        '٥': '5',","        '٦': '6',","        '٧': '7',","        '٨': '8',","        '٩': '9',","","        // Persian numbers","        '۰': '0',","        '۱': '1',","        '۲': '2',","        '۳': '3',","        '۴': '4',","        '۵': '5',","        '۶': '6',","        '۷': '7',","        '۸': '8',","        '۹': '9',","","        
[...]
   '¤': 'tien te'","        }","    };","","    var uricChars = [';', '?', ':', '@', '&', '=', '+', '$', ',', '/'].join('');","","    var uricNoSlashChars = [';', '?', ':', '@', '&', '=', '+', '$', ','].join('');","","    var markChars = ['.', '!', '~', '*', \"'\", '(', ')'].join('');","","    /**","     * getSlug","     * @param  {string} input input string","     * @param  {object|string} opts config object or separator string/char","     * @api    public","     * @return {string}  sluggified string","     */","    var getSlug = function getSlug(input, opts) {","        var separator = '-';","        var result = '';","        var diatricString = '';","        var convertSymbols = true;","        var customReplacements = {};","        var maintainCase;","        var titleCase;","        var truncate;","        var uricFlag;","        var uricNoSlashFlag;","        var markFlag;","        var symbol;","        var langChar;","        var lucky;","        var i;","        var ch;","        var l;","        var lastCharWasSymbol;","        var lastCharWasDiatric;","        var allowedChars = '';","","        if (typeof input !== 'string') {","            return '';","        }","","        if (typeof opts === 'string') {","            separator = opts;","        }","","        symbol = symbolMap.en;","        langChar = langCharMap.en;","","        if (typeof opts === 'object') {","            maintainCase = opts.maintainCase || false;","            customReplacements = (opts.custom && typeof opts.custom === 'object') ? opts.custom : customReplacements;","            truncate = (+opts.truncate > 1 && opts.truncate) || false;","            uricFlag = opts.uric || false;","            uricNoSlashFlag = opts.uricNoSlash || false;","            markFlag = opts.mark || false;","            convertSymbols = (opts.symbols === false || opts.lang === false) ? false : true;","            separator = opts.separator || separator;","","            if (uricFlag) {","                allowedChars += uricChars;","            }","","            if (uricNoSlashFlag) {","                allowedChars += uricNoSlashChars;","            }","","            if (markFlag) {","                allowedChars += markChars;","            }","","            symbol = (opts.lang && symbolMap[opts.lang] && convertSymbols) ?","                symbolMap[opts.lang] : (convertSymbols ? symbolMap.en : {});","","            langChar = (opts.lang && langCharMap[opts.lang]) ?","                langCharMap[opts.lang] :","                opts.lang === false || opts.lang === true ? {} : langCharMap.en;","","            // if titleCase config is an Array, rewrite to object format","            if (opts.titleCase && typeof opts.titleCase.length === 'number' && Array.prototype.toString.call(opts.titleCase)) {","                opts.titleCase.forEach(function (v) {","                    customReplacements[v + ''] = v + '';","                });","","                titleCase = true;","            } else {","                titleCase = !!opts.titleCase;","            }","","            // if custom config is an Array, rewrite to object format","            if (opts.custom && typeof opts.custom.length === 'number' && Array.prototype.toString.call(opts.custom)) {","                opts.custom.forEach(function (v) {","                    customReplacements[v + ''] = v + '';","                });","            }","","            // custom replacements","            Object.keys(customReplacements).forEach(function (v) {","                var r;","","                if (v.length > 1) {","                    r = new RegExp('\\\\b' + escapeChars(v) + '\\\\b', 'gi');","                } else {","                    r = new RegExp(escapeChars(v), 'gi');","                }","","                input = input.replace(r, customReplacements[v]);","            });","","            // add all custom replacement to allowed charlist","            for (ch in customReplacements) {","                allowedChars += ch;","            }","        }","","        allowedChars += separator;","","        // escape all necessary chars","        allowedChars = escapeChars(allowedChars);","","        // trim whitespaces","        input = input.replace(/(^\\s+|\\s+$)/g, '');","","        lastCharWasSymbol = false;","        lastCharWasDiatric = false;","","        for (i = 0, l = input.length; i < l; i++) {","            ch = input[i];","","            if (isReplacedCustomChar(ch, customReplacements)) {","                // don't convert a already converted char","                lastCharWasSymbol = false;","            } else if (langChar[ch]) {","                // process language specific diactrics chars conversion","                ch = lastCharWasSymbol && langChar[ch].match(/[A-Za-z0-9]/) ? ' ' + langChar[ch] : langChar[ch];","","                lastCharWasSymbol = false;","            } else if (ch in charMap) {","                // the transliteration changes entirely when some special characters are added","                if (i + 1 < l && lookAheadCharArray.indexOf(input[i + 1]) >= 0) {","                    diatricString += ch;","                    ch = '';","                } else if (lastCharWasDiatric === true) {","                    ch = diatricMap[diatricString] + charMap[ch];","                    diatricString = '';","                } else {","                    // process diactrics chars","                    ch = lastCharWasSymbol && charMap[ch].match(/[A-Za-z0-9]/) ? ' ' + charMap[ch] : charMap[ch];","                }","","                lastCharWasSymbol = false;","                lastCharWasDiatric = false;","            } else if (ch in diatricMap) {","                diatricString += ch;","                ch = '';","                // end of string, put the whole meaningful word","                if (i === l - 1) {","                    ch = diatricMap[diatricString];","                }","                lastCharWasDiatric = true;","            } else if (","                // process symbol chars","                symbol[ch] && !(uricFlag && uricChars","                    .indexOf(ch) !== -1) && !(uricNoSlashFlag && uricNoSlashChars","                    // .indexOf(ch) !== -1) && !(markFlag && markChars","                    .indexOf(ch) !== -1)) {","                ch = lastCharWasSymbol || result.substr(-1).match(/[A-Za-z0-9]/) ? separator + symbol[ch] : symbol[ch];","                ch += input[i + 1] !== void 0 && input[i + 1].match(/[A-Za-z0-9]/) ? separator : '';","","                lastCharWasSymbol = true;","            } else {","                if (lastCharWasDiatric === true) {","                    ch = diatricMap[diatricString] + ch;","                    diatricString = '';","                    lastCharWasDiatric = false;","                } else if (lastCharWasSymbol && (/[A-Za-z0-9]/.test(ch) || result.substr(-1).match(/A-Za-z0-9]/))) {","                    // process latin chars","                    ch = ' ' + ch;","                }","                lastCharWasSymbol = false;","            }","","            // add allowed chars","            result += ch.replace(new RegExp('[^\\\\w\\\\s' + allowedChars + '_-]', 'g'), separator);","        }","","        if (titleCase) {","            result = result.replace(/(\\w)(\\S*)/g, function (_, i, r) {","                var j = i.toUpperCase() + (r !== null ? r : '');","                return (Object.keys(customReplacements).indexOf(j.toLowerCase()) < 0) ? j : j.toLowerCase();","            });","        }","","        // eliminate duplicate separators","        // add separator","        // trim separators from start and end","        result = result.replace(/\\s+/g, separator)","            .replace(new RegExp('\\\\' + separator + '+', 'g'), separator)","            .replace(new RegExp('(^\\\\' + separator + '+|\\\\' + separator + '+$)', 'g'), '');","","        if (truncate && result.length > truncate) {","            lucky = result.charAt(truncate) === separator;","            result = result.slice(0, truncate);","","            if (!lucky) {","                result = result.slice(0, result.lastIndexOf(separator));","            }","        }","","        if (!maintainCase && !titleCase) {","            result = result.toLowerCase();","        }","","        return result;","    };","","    /**","     * createSlug curried(opts)(input)","     * @param   {object|string} opts config object or input string","     * @return  {Function} function getSlugWithConfig()","     **/","    var createSlug = function createSlug(opts) {","","        /**","         * getSlugWithConfig","         * @param   {string} input string","         * @return  {string} slug string","         */","        return function getSlugWithConfig(input) {","            return getSlug(input, opts);","        };","    };","","    /**","     * escape Chars","     * @param   {string} input string","     */","    var escapeChars = function escapeChars(input) {","        return input.replace(/[-\\\\^$*+?.()|[\\]{}\\/]/g, '\\\\$&');","    };","","    /**","     * check if the char is an already converted char from custom list","     * @param   {char} ch character to check","     * @param   {object} customReplacements custom translation map","     */","    var isReplacedCustomChar = function (ch, customReplacements) {","        for (var c in customReplacements) {","            if (customReplacements[c] === ch) {","                return true;","            }","        }","    };","","    if (typeof module !== 'undefined' && module.exports) {","","        // export functions for use in Node","        module.exports = getSlug;","        module.exports.createSlug = createSlug;","    } else if (typeof define !== 'undefined' && define.amd) {","","        // export function for use in AMD","        define([], function () {","            return getSlug;","        });","    } else {","","        // don't overwrite global if exists","        try {","            if (root.getSlug || root.createSlug) {","                throw 'speakingurl: globals exists /(getSlug|createSlug)/';","            } else {","                root.getSlug = getSlug;","                root.createSlug = createSlug;","            }","        } catch (e) {}","    }","})(this);"],"l":{"1":1,"8":1,"764":1,"776":1,"840":1,"998":1,"1308":1,"1310":1,"1312":1,"1321":1,"1322":0,"1323":0,"1324":0,"1325":0,"1326":0,"1327":0,"1328":0,"1329":0,"1330":0,"1331":0,"1332":0,"1333":0,"1334":0,"1335":0,"1336":0,"1337":0,"1338":0,"1339":0,"1340":0,"1341":0,"1343":0,"1344":0,"1347":0,"1348":0,"1351":0,"1352":0,"1354":0,"1355":0,"1356":0,"1357":0,"1358":0,"1359":0,"1360":0,"1361":0,"1362":0,"1364":0,"1365":0,"1368":0,"1369":0,"1372":0,"1373":0,"1376":0,"1379":0,"1384":0,"1385":0,"1386":0,"1389":0,"1391":0,"1395":0,"1396":0,"1397":0,"1402":0,"1403":0,"1405":0,"1406":0,"1408":0,"1411":0,"1415":0,"1416":0,"1420":0,"1423":0,"1426":0,"1428":0,"1429":0,"1431":0,"1432":0,"1434":0,"1436":0,"1437":0,"1439":0,"1441":0,"1442":0,"1444":0,"1445":0,"1446":0,"1447":0,"1448":0,"1449":0,"1452":0,"1455":0,"1456":0,"1457":0,"1458":0,"1459":0,"1461":0,"1462":0,"1464":0,"1465":0,"1471":0,"1472":0,"1474":0,"1476":0,"1477":0,"1478":0,"1479":0,"1480":0,"1482":0,"1484":0,"1488":0,"1491":0,"1492":0,"1493":0,"1494":0,"1501":0,"1505":0,"1506":0,"1507":0,"1509":0,"1510":0,"1514":0,"1515":0,"1518":0,"1526":1,"1533":0,"1534":0,"1542":1,"1543":0,"1551":1,"1552":0,"1553":0,"1554":0,"1559":1,"1562":1,"1563":1,"1564":0,"1567":0,"1568":0,"1573":0,"1574":0,"1575":0,"1577":0,"1578":0}},"/home/travis/build/npmtest/node-npmtest-speakingurl/node_modules/speakingurl/Gulpfile.js":{"path":"/home/travis/build/npmtest/node-npmtest-speakingurl/node_modules/speakingurl/Gulpfile.js","s":{"1":2,"2":0,"3":0,"4":0,"5":0,"6":0,"7":0,"8":0,"9":0,"10":0,"11":0,"12":0,"13":0,"14":0,"15":0,"16":0,"17":0,"18":0,"19":0,"20":0,"21":0,"22":0,"23":0,"24":0,"25":0,"26":0,"27":0,"28":0,"29":0,"30":0,"31":0,"32":0,"33":0},"b":{"1":[0,0],"2":[0,0]},"f":{"1":0,"2":0,"3":0,"4":0,"5":0,"6":0,"7":0,"8":0},"fnMap":{"1":{"name":"(anonymous_1)","line":29,"loc":{"start":{"line":29,"column":22},"end":{"line":29,"column":38}}},"2":{"name":"(anonymous_2)","line":55,"loc":{"start":{"line":55,"column":18},"end":{"line":55,"column":30}}},"3":{"name":"(anonymous_3)","line":68,"loc":{"start":{"line":68,"column":34},"end":{"line":68,"column":46}}},"4":{"name":"(anonymous_4)","line":77,"loc":{"start":{"line":77,"column":32},"end":{"line":77,"column":48}}},"5":{"name":"(anonymous_5)","line":90,"loc":{"start":{"line":90,"column":40},"end":{"line":90,"column":52}}},"6":{"name":"(anonymous_6)","line":105,"loc":{"start":{"line":105,"column":28},"end":{"line":105,"column":40}}},"7":{"name":"(anonymous_7)","line":114,"loc":{"start":{"line":114,"column":21},"end":{"line":114,"column":37}}},"8":{"name":"(anonymous_8)","line":133,"loc":{"start":{"line":133,"column":19},"end":{"line":133,"column":31}}}},"statementMap":{"1":{"start":{"line":1,"column":0},"end":{"line":1,"column":27}},"2":{"start":{"line":2,"column":0},"end":{"line":2,"column":44}},"3":{"start":{"line":3,"column":0},"end":{"line":3,"column":23}},"4":{"start":{"line":4,"column":0},"end":{"line":4,"column":41}},"5":{"start":{"line":5,"column":0},"end":{"line":5,"column":54}},"6":{"start":{"line":7,"column":0},"end":{"line":18,"column":2}},"7":{"start":{"line":20,"column":0},"end":{"line":27,"column":13}},"8":{"start":{"line":29,"column":0},"end":{"line":53,"column":3}},"9":{"start":{"line":31,"column":4},"end":{"line":36,"column":38}},"10":{"start":{"line":38,"column":4},"end":{"line":43,"column":39}},"11":{"start":{"line":45,"column":4},"end":{"line":50,"column":39}},"12":{"start":{"line":52,"column":4},"end":{"line":52,"column":11}},"13":{"start":{"line":55,"column":0},"end":{"line":66,"column":3}},"14":{"start":{"line":57,"column":4},"end":{"line":65,"column":12}},"15":{"start":{"line":68,"column":0},"end":{"line":75,"column":3}},"16":{"start":{"line":70,"column":4},"end":{"line":74,"column":56}},"17":{"start":{"line":77,"column":0},"end":{"line":88,"column":3}},"18":{"start":{"line":79,"column":4},"end":{"line":79,"column":69}},"19":{"start":{"line":81,"column":4},"end":{"line":87,"column":39}},"20":{"start":{"line":90,"column":0},"end":{"line":103,"column":3}},"21":{"start":{"line":92,"column":4},"end":{"line":92,"column":69}},"22":{"start":{"line":95,"column":4},"end":{"line":102,"column":39}},"23":{"start":{"line":105,"column":0},"end":{"line":112,"column":3}},"24":{"start":{"line":107,"column":4},"end":{"line":111,"column":39}},"25":{"start":{"line":114,"column":0},"end":{"line":131,"column":3}},"26":{"start":{"line":116,"column":4},"end":{"line":116,"column":69}},"27":{"start":{"line":117,"column":4},"end":{"line":117,"column":32}},"28":{"start":{"line":118,"column":4},"end":{"line":118,"column":35}},"29":{"start":{"line":119,"column":4},"end":{"line":128,"column":17}},"30":{"start":{"line":130,"column":4},"end":{"line":130,"column":26}},"31":{"start":{"line":133,"column":0},"end":{"line":135,"column":3}},"32":{"start":{"line":134,"column":4},"end":{"line":134,"column":58}},"33":{"start":{"line":137,"column":0},"end":{"line":137,"column":51}}},"branchMap":{"1":{"line":109,"type":"cond-expr","locations":[{"start":{"line":109,"column":31},"end":{"line":109,"column":38}},{"start":{"line":109,"column":42},"end":{"line":109,"column":72}}]},"2":{"line":109,"type":"cond-expr","locations":[{"start":{"line":109,"column":55},"end":{"line":109,"column":62}},{"start":{"line":109,"column":65},"end":{"line":109,"column":72}}]}},"code":["var gulp = require('gulp');","var plugin = require('gulp-load-plugins')();","var fs = require('fs');","var exec = require('child_process').exec;","var argv = require('minimist')(process.argv.slice(2));","","var path = {","    rootdir: './',","    lib: ['./lib/**/*.js'],","    libdir: './lib/',","    test: ['./test/**/*.js'],","    testdir: './test/',","    build: ['package.json', 'component.json', 'bower.json', 'README.md', 'speakingurl.min.js'],","    json: ['package.json', 'component.json', 'bower.json'],","    readme: './README.md',","","    target: './speakingurl.min.js'","};","","var banner = ['/**',","    ' * <%= pkg.name %>',","    ' * @version v<%= pkg.version %>',","    ' * @link <%= pkg.homepage %>',","    ' * @license <%= pkg.licenses[0].type %>',","    ' * @author <%= pkg.author.name %>',","    ' */'","].join('\\n');","","gulp.task('beautify', function (done) {","","    gulp.src(path.lib)","        .pipe(plugin.jsbeautifier({","            config: '.jsbeautifyrc',","            mode: 'VERIFY_AND_WRITE'","        }))","        .pipe(gulp.dest(path.libdir));","","    gulp.src(path.test)","        .pipe(plugin.jsbeautifier({","            config: '.jsbeautifyrc',","            mode: 'VERIFY_AND_WRITE'","        }))","        .pipe(gulp.dest(path.testdir));","","    gulp.src(path.json)","        .pipe(plugin.jsbeautifier({","            config: '.jsbeautifyrc',","            mode: 'VERIFY_AND_WRITE'","        }))","        .pipe(gulp.dest(path.rootdir));","","    done();","});","","gulp.task('test', function () {","","    return gulp.src(path.test, {","            read: false","        })","        .pipe(plugin.mocha({","            reporter: 'spec',","            globals: {","                should: require('should')","            }","        }));","});","","gulp.task('jshint', ['beautify'], function () {","","    return gulp.src(path.lib, path.json)","        .pipe(plugin.jshint('.jshintrc'), {","            verbose: true","        })","        .pipe(plugin.jshint.reporter('jshint-stylish'));","});","","gulp.task('uglify', ['jshint'], function (done) {","","    var pkg = JSON.parse(fs.readFileSync('./package.json', 'utf-8'));","","    return gulp.src(path.lib)","        .pipe(plugin.uglify())","        .pipe(plugin.header(banner, {","            pkg: pkg","        }))","        .pipe(plugin.rename(path.target))","        .pipe(gulp.dest(path.rootdir));","});","","gulp.task('bumpup', ['bumpup-version'], function () {","","    var pkg = JSON.parse(fs.readFileSync('./package.json', 'utf-8'));","","    // insert newsest version","    return gulp.src(path.readme)","        .pipe(plugin.replace(","            /cdnjs.cloudflare.com\\/ajax\\/libs\\/speakingurl\\/\\d{1,1}\\.\\d{1,2}\\.\\d{1,2}\\/speakingurl.min.js/g,","            'cdnjs.cloudflare.com/ajax/libs/speakingurl/' + pkg.version + '/speakingurl.min.js'))","        .pipe(plugin.replace(","            /cdn.jsdelivr.net\\/speakingurl\\/\\d{1,1}\\.\\d{1,2}\\.\\d{1,2}\\/speakingurl.min.js/g,","            'cdn.jsdelivr.net/speakingurl/' + pkg.version + '/speakingurl.min.js'))","        .pipe(gulp.dest(path.rootdir));","});","","gulp.task('bumpup-version', function () {","","    return gulp.src(path.json)","        .pipe(plugin.bump({","            type: argv.major ? 'major' : (argv.minor ? 'minor' : 'patch')","        }))","        .pipe(gulp.dest(path.rootdir));","});","","gulp.task('release', function (done) {","","    var pkg = JSON.parse(fs.readFileSync('./package.json', 'utf-8'));","    var tag = 'v' + pkg.version;","    var message = 'Release ' + tag;","    var execute = [","        'npm rm speakingurl -g',","        'npm install . -g',","        'git add .',","        'git commit -m \"Release ' + tag + '\"',","        'git tag ' + tag + ' -m \"Release ' + tag + '\"',","        'git push -u origin master',","        'git push -u origin master --tags',","        'npm publish'","    ].join('\\n');","","    exec(execute, done());","});","","gulp.task('watch', function () {","    gulp.watch([path.json, path.lib], ['jshint', 'test']);","});","","gulp.task('default', ['test', 'jshint', 'uglify']);",""],"l":{"1":2,"2":0,"3":0,"4":0,"5":0,"7":0,"20":0,"29":0,"31":0,"38":0,"45":0,"52":0,"55":0,"57":0,"68":0,"70":0,"77":0,"79":0,"81":0,"90":0,"92":0,"95":0,"105":0,"107":0,"114":0,"116":0,"117":0,"118":0,"119":0,"130":0,"133":0,"134":0,"137":0}}}